2017-10-08 11:01:24,211 [1] INFO  WxTools.ViewModel.MainViewModel - 未找到微信(先运行微信)
 WxTools.ViewModel.MainViewModelname2017-10-08 11:01:44,226 [1] INFO  WxTools.ViewModel.MainViewModel - 启动完成
 WxTools.ViewModel.MainViewModelname2017-10-08 11:01:44,230 [检测状态改变线程] INFO  WxTools.ViewModel.MainViewModel - 监测线程启动成功
 WxTools.ViewModel.MainViewModelname2017-10-08 11:01:53,232 [检测状态改变线程] WARN  WxTools.ViewModel.MainViewModel - 微信窗体大小被用户拖动，已经恢复
 WxTools.ViewModel.MainViewModelname2017-10-08 11:01:54,234 [检测状态改变线程] WARN  WxTools.ViewModel.MainViewModel - 微信窗体大小被用户拖动，已经恢复
 WxTools.ViewModel.MainViewModelname2017-10-08 11:01:55,236 [检测状态改变线程] WARN  WxTools.ViewModel.MainViewModel - 微信窗体大小被用户拖动，已经恢复
 WxTools.ViewModel.MainViewModelname2017-10-08 11:01:56,238 [检测状态改变线程] WARN  WxTools.ViewModel.MainViewModel - 微信窗体大小被用户拖动，已经恢复
 WxTools.ViewModel.MainViewModelname2017-10-08 11:01:57,239 [检测状态改变线程] WARN  WxTools.ViewModel.MainViewModel - 微信窗体大小被用户拖动，已经恢复
 WxTools.ViewModel.MainViewModelname2017-10-08 11:01:58,242 [检测状态改变线程] WARN  WxTools.ViewModel.MainViewModel - 微信窗体大小被用户拖动，已经恢复
 WxTools.ViewModel.MainViewModelname2017-10-08 11:01:59,244 [检测状态改变线程] WARN  WxTools.ViewModel.MainViewModel - 微信窗体大小被用户拖动，已经恢复
 WxTools.ViewModel.MainViewModelname2017-10-08 11:02:00,246 [检测状态改变线程] WARN  WxTools.ViewModel.MainViewModel - 微信窗体大小被用户拖动，已经恢复
 WxTools.ViewModel.MainViewModelname2017-10-08 11:02:01,249 [检测状态改变线程] WARN  WxTools.ViewModel.MainViewModel - 微信窗体大小被用户拖动，已经恢复
 WxTools.ViewModel.MainViewModelname2017-10-08 11:02:02,162 [1] INFO  WxTools.ViewModel.MainViewModel - 关闭完成
 WxTools.ViewModel.MainViewModelname2017-10-08 11:03:13,138 [1] INFO  WxTools.ViewModel.MainViewModel - 启动完成
 WxTools.ViewModel.MainViewModelname2017-10-08 11:03:13,138 [检测状态改变线程] INFO  WxTools.ViewModel.MainViewModel - 监测线程启动成功
 WxTools.ViewModel.MainViewModelname2017-10-08 11:03:19,242 [1] INFO  WxTools.ViewModel.MainViewModel - 关闭完成
 WxTools.ViewModel.MainViewModelname2017-10-08 11:21:43,982 [4] INFO  WxTools.Common - 进入自动更新
 WxTools.Commonname2017-10-08 11:31:35,608 [检测状态改变线程] INFO  WxTools.ViewModel.MainViewModel - 监测线程启动成功
 WxTools.ViewModel.MainViewModelname2017-10-08 11:31:35,608 [1] INFO  WxTools.ViewModel.MainViewModel - 启动完成
 WxTools.ViewModel.MainViewModelname2017-10-08 11:31:50,370 [1] INFO  WxTools.ViewModel.MainViewModel - 关闭完成
 WxTools.ViewModel.MainViewModelname2017-10-08 11:32:20,612 [1] INFO  WxTools.ViewModel.MainViewModel - 启动完成
 WxTools.ViewModel.MainViewModelname2017-10-08 11:32:20,613 [检测状态改变线程] INFO  WxTools.ViewModel.MainViewModel - 监测线程启动成功
 WxTools.ViewModel.MainViewModelname2017-10-08 11:32:30,072 [1] INFO  WxTools.ViewModel.MainViewModel - 关闭完成
 WxTools.ViewModel.MainViewModelname2017-10-08 11:32:42,198 [1] INFO  WxTools.ViewModel.MainViewModel - 启动完成
 WxTools.ViewModel.MainViewModelname2017-10-08 11:32:42,198 [检测状态改变线程] INFO  WxTools.ViewModel.MainViewModel - 监测线程启动成功
 WxTools.ViewModel.MainViewModelname2017-10-08 11:32:52,660 [1] INFO  WxTools.ViewModel.MainViewModel - 关闭完成
 WxTools.ViewModel.MainViewModelname2017-10-08 11:33:06,213 [1] INFO  WxTools.ViewModel.MainViewModel - 启动完成
 WxTools.ViewModel.MainViewModelname2017-10-08 11:33:06,213 [检测状态改变线程] INFO  WxTools.ViewModel.MainViewModel - 监测线程启动成功
 WxTools.ViewModel.MainViewModelname2017-10-08 11:33:13,747 [1] INFO  WxTools.ViewModel.MainViewModel - 关闭完成
 WxTools.ViewModel.MainViewModelname2017-10-08 11:34:35,821 [1] INFO  WxTools.ViewModel.MainViewModel - 启动完成
 WxTools.ViewModel.MainViewModelname2017-10-08 11:34:35,821 [检测状态改变线程] INFO  WxTools.ViewModel.MainViewModel - 监测线程启动成功
 WxTools.ViewModel.MainViewModelname2017-10-08 11:34:43,897 [1] INFO  WxTools.ViewModel.MainViewModel - 关闭完成
 WxTools.ViewModel.MainViewModelname2017-10-08 11:35:04,670 [1] INFO  WxTools.ViewModel.MainViewModel - 启动完成
 WxTools.ViewModel.MainViewModelname2017-10-08 11:35:04,671 [检测状态改变线程] INFO  WxTools.ViewModel.MainViewModel - 监测线程启动成功
 WxTools.ViewModel.MainViewModelname2017-10-08 11:35:11,644 [1] INFO  WxTools.ViewModel.MainViewModel - 关闭完成
 WxTools.ViewModel.MainViewModelname2017-10-08 11:35:29,171 [1] INFO  WxTools.ViewModel.MainViewModel - 启动完成
 WxTools.ViewModel.MainViewModelname2017-10-08 11:35:29,172 [检测状态改变线程] INFO  WxTools.ViewModel.MainViewModel - 监测线程启动成功
 WxTools.ViewModel.MainViewModelname2017-10-08 11:35:36,342 [1] INFO  WxTools.ViewModel.MainViewModel - 关闭完成
 WxTools.ViewModel.MainViewModelname2017-10-08 11:35:47,414 [1] INFO  WxTools.ViewModel.MainViewModel - 启动完成
 WxTools.ViewModel.MainViewModelname2017-10-08 11:35:47,414 [检测状态改变线程] INFO  WxTools.ViewModel.MainViewModel - 监测线程启动成功
 WxTools.ViewModel.MainViewModelname2017-10-08 11:36:26,534 [1] INFO  WxTools.ViewModel.MainViewModel - 启动完成
 WxTools.ViewModel.MainViewModelname2017-10-08 11:36:26,534 [检测状态改变线程] INFO  WxTools.ViewModel.MainViewModel - 监测线程启动成功
 WxTools.ViewModel.MainViewModelname2017-10-08 11:36:45,225 [1] INFO  WxTools.ViewModel.MainViewModel - 关闭完成
 WxTools.ViewModel.MainViewModelname2017-10-08 11:36:45,768 [1] INFO  WxTools.ViewModel.MainViewModel - 启动完成
 WxTools.ViewModel.MainViewModelname2017-10-08 11:36:56,528 [1] INFO  WxTools.ViewModel.MainViewModel - 关闭完成
 WxTools.ViewModel.MainViewModelname2017-10-08 11:37:58,953 [1] INFO  WxTools.ViewModel.MainViewModel - 启动完成
 WxTools.ViewModel.MainViewModelname2017-10-08 11:37:58,954 [检测状态改变线程] INFO  WxTools.ViewModel.MainViewModel - 监测线程启动成功
 WxTools.ViewModel.MainViewModelname2017-10-08 11:38:06,089 [1] INFO  WxTools.ViewModel.MainViewModel - 关闭完成
 WxTools.ViewModel.MainViewModelname2017-10-08 11:38:29,636 [检测状态改变线程] INFO  WxTools.ViewModel.MainViewModel - 监测线程启动成功
 WxTools.ViewModel.MainViewModelname2017-10-08 11:38:29,636 [1] INFO  WxTools.ViewModel.MainViewModel - 启动完成
 WxTools.ViewModel.MainViewModelname2017-10-08 11:38:38,201 [1] INFO  WxTools.ViewModel.MainViewModel - 关闭完成
 WxTools.ViewModel.MainViewModelname2017-10-08 11:38:38,768 [1] INFO  WxTools.ViewModel.MainViewModel - 启动完成
 WxTools.ViewModel.MainViewModelname2017-10-08 11:38:54,201 [1] INFO  WxTools.ViewModel.MainViewModel - 关闭完成
 WxTools.ViewModel.MainViewModelname2017-10-08 11:38:54,838 [1] INFO  WxTools.ViewModel.MainViewModel - 启动完成
 WxTools.ViewModel.MainViewModelname2017-10-08 11:39:28,152 [1] INFO  WxTools.ViewModel.MainViewModel - 启动完成
 WxTools.ViewModel.MainViewModelname2017-10-08 11:39:28,152 [检测状态改变线程] INFO  WxTools.ViewModel.MainViewModel - 监测线程启动成功
 WxTools.ViewModel.MainViewModelname2017-10-08 11:39:34,610 [1] INFO  WxTools.ViewModel.MainViewModel - 关闭完成
 WxTools.ViewModel.MainViewModelname2017-10-08 11:40:23,321 [1] INFO  WxTools.ViewModel.MainViewModel - 启动完成
 WxTools.ViewModel.MainViewModelname2017-10-08 11:40:23,321 [检测状态改变线程] INFO  WxTools.ViewModel.MainViewModel - 监测线程启动成功
 WxTools.ViewModel.MainViewModelname2017-10-08 11:40:42,420 [1] INFO  WxTools.ViewModel.MainViewModel - 启动完成
 WxTools.ViewModel.MainViewModelname2017-10-08 11:40:42,420 [检测状态改变线程] INFO  WxTools.ViewModel.MainViewModel - 监测线程启动成功
 WxTools.ViewModel.MainViewModelname2017-10-08 11:40:59,128 [1] INFO  WxTools.ViewModel.MainViewModel - 启动完成
 WxTools.ViewModel.MainViewModelname2017-10-08 11:40:59,128 [检测状态改变线程] INFO  WxTools.ViewModel.MainViewModel - 监测线程启动成功
 WxTools.ViewModel.MainViewModelname2017-10-08 11:41:18,948 [检测状态改变线程] INFO  WxTools.ViewModel.MainViewModel - 监测线程启动成功
 WxTools.ViewModel.MainViewModelname2017-10-08 11:41:18,947 [1] INFO  WxTools.ViewModel.MainViewModel - 启动完成
 WxTools.ViewModel.MainViewModelname2017-10-08 11:41:37,779 [1] INFO  WxTools.ViewModel.MainViewModel - 启动完成
 WxTools.ViewModel.MainViewModelname2017-10-08 11:41:37,779 [检测状态改变线程] INFO  WxTools.ViewModel.MainViewModel - 监测线程启动成功
 WxTools.ViewModel.MainViewModelname2017-10-08 11:41:48,347 [1] INFO  WxTools.ViewModel.MainViewModel - 启动完成
 WxTools.ViewModel.MainViewModelname2017-10-08 11:41:48,348 [检测状态改变线程] INFO  WxTools.ViewModel.MainViewModel - 监测线程启动成功
 WxTools.ViewModel.MainViewModelname2017-10-08 11:42:02,500 [1] INFO  WxTools.ViewModel.MainViewModel - 启动完成
 WxTools.ViewModel.MainViewModelname2017-10-08 11:42:02,500 [检测状态改变线程] INFO  WxTools.ViewModel.MainViewModel - 监测线程启动成功
 WxTools.ViewModel.MainViewModelname2017-10-08 11:42:40,922 [1] INFO  WxTools.ViewModel.MainViewModel - 启动完成
 WxTools.ViewModel.MainViewModelname2017-10-08 11:42:40,922 [检测状态改变线程] INFO  WxTools.ViewModel.MainViewModel - 监测线程启动成功
 WxTools.ViewModel.MainViewModelname2017-10-08 11:43:35,098 [1] INFO  WxTools.ViewModel.MainViewModel - 启动完成
 WxTools.ViewModel.MainViewModelname2017-10-08 11:43:35,099 [检测状态改变线程] INFO  WxTools.ViewModel.MainViewModel - 监测线程启动成功
 WxTools.ViewModel.MainViewModelname2017-10-08 11:43:37,736 [1] INFO  WxTools.ViewModel.MainViewModel - 关闭完成
 WxTools.ViewModel.MainViewModelname2017-10-08 11:44:03,644 [1] INFO  WxTools.ViewModel.MainViewModel - 启动完成
 WxTools.ViewModel.MainViewModelname2017-10-08 11:44:03,645 [检测状态改变线程] INFO  WxTools.ViewModel.MainViewModel - 监测线程启动成功
 WxTools.ViewModel.MainViewModelname2017-10-08 11:44:18,291 [1] INFO  WxTools.ViewModel.MainViewModel - 启动完成
 WxTools.ViewModel.MainViewModelname2017-10-08 11:44:18,292 [检测状态改变线程] INFO  WxTools.ViewModel.MainViewModel - 监测线程启动成功
 WxTools.ViewModel.MainViewModelname2017-10-08 11:44:26,569 [1] INFO  WxTools.ViewModel.MainViewModel - 关闭完成
 WxTools.ViewModel.MainViewModelname2017-10-08 11:46:14,384 [1] INFO  WxTools.ViewModel.MainViewModel - 启动完成
 WxTools.ViewModel.MainViewModelname2017-10-08 11:46:14,385 [检测状态改变线程] INFO  WxTools.ViewModel.MainViewModel - 监测线程启动成功
 WxTools.ViewModel.MainViewModelname2017-10-08 11:48:29,563 [1] INFO  WxTools.ViewModel.MainViewModel - 启动完成
 WxTools.ViewModel.MainViewModelname2017-10-08 11:48:29,563 [检测状态改变线程] INFO  WxTools.ViewModel.MainViewModel - 监测线程启动成功
 WxTools.ViewModel.MainViewModelname2017-10-08 11:49:46,003 [1] INFO  WxTools.ViewModel.MainViewModel - 启动完成
 WxTools.ViewModel.MainViewModelname2017-10-08 11:49:46,004 [检测状态改变线程] INFO  WxTools.ViewModel.MainViewModel - 监测线程启动成功
 WxTools.ViewModel.MainViewModelname2017-10-08 11:49:58,941 [1] INFO  WxTools.ViewModel.MainViewModel - 启动完成
 WxTools.ViewModel.MainViewModelname2017-10-08 11:49:58,941 [检测状态改变线程] INFO  WxTools.ViewModel.MainViewModel - 监测线程启动成功
 WxTools.ViewModel.MainViewModelname2017-10-08 11:50:14,264 [1] INFO  WxTools.ViewModel.MainViewModel - 启动完成
 WxTools.ViewModel.MainViewModelname2017-10-08 11:50:14,268 [检测状态改变线程] INFO  WxTools.ViewModel.MainViewModel - 监测线程启动成功
 WxTools.ViewModel.MainViewModelname2017-10-08 11:50:18,857 [1] INFO  WxTools.ViewModel.MainViewModel - 关闭完成
 WxTools.ViewModel.MainViewModelname2017-10-08 11:50:24,062 [1] INFO  WxTools.ViewModel.MainViewModel - 启动完成
 WxTools.ViewModel.MainViewModelname2017-10-08 11:51:53,993 [1] INFO  WxTools.ViewModel.MainViewModel - 启动完成
 WxTools.ViewModel.MainViewModelname2017-10-08 11:51:53,994 [检测状态改变线程] INFO  WxTools.ViewModel.MainViewModel - 监测线程启动成功
 WxTools.ViewModel.MainViewModelname2017-10-08 11:51:56,993 [1] INFO  WxTools.ViewModel.MainViewModel - 关闭完成
 WxTools.ViewModel.MainViewModelname2017-10-08 11:53:14,373 [1] INFO  WxTools.ViewModel.MainViewModel - 启动完成
 WxTools.ViewModel.MainViewModelname2017-10-08 11:53:14,373 [检测状态改变线程] INFO  WxTools.ViewModel.MainViewModel - 监测线程启动成功
 WxTools.ViewModel.MainViewModelname2017-10-08 11:53:15,624 [1] INFO  WxTools.ViewModel.MainViewModel - 关闭完成
 WxTools.ViewModel.MainViewModelname2017-10-08 11:54:35,681 [1] INFO  WxTools.ViewModel.MainViewModel - 启动完成
 WxTools.ViewModel.MainViewModelname2017-10-08 11:54:35,681 [检测状态改变线程] INFO  WxTools.ViewModel.MainViewModel - 监测线程启动成功
 WxTools.ViewModel.MainViewModelname2017-10-08 11:54:39,362 [1] INFO  WxTools.ViewModel.MainViewModel - 关闭完成
 WxTools.ViewModel.MainViewModelname2017-10-08 11:54:40,102 [1] INFO  WxTools.ViewModel.MainViewModel - 启动完成
 WxTools.ViewModel.MainViewModelname2017-10-08 11:54:41,063 [1] INFO  WxTools.ViewModel.MainViewModel - 关闭完成
 WxTools.ViewModel.MainViewModelname2017-10-08 11:55:02,474 [检测状态改变线程] INFO  WxTools.ViewModel.MainViewModel - 监测线程启动成功
 WxTools.ViewModel.MainViewModelname2017-10-08 11:55:02,474 [1] INFO  WxTools.ViewModel.MainViewModel - 启动完成
 WxTools.ViewModel.MainViewModelname2017-10-08 11:55:04,490 [1] INFO  WxTools.ViewModel.MainViewModel - 关闭完成
 WxTools.ViewModel.MainViewModelname2017-10-08 11:55:04,957 [1] INFO  WxTools.ViewModel.MainViewModel - 启动完成
 WxTools.ViewModel.MainViewModelname2017-10-08 11:55:06,025 [1] INFO  WxTools.ViewModel.MainViewModel - 关闭完成
 WxTools.ViewModel.MainViewModelname2017-10-08 11:55:50,020 [1] INFO  WxTools.ViewModel.MainViewModel - 启动完成
 WxTools.ViewModel.MainViewModelname2017-10-08 11:55:50,021 [检测状态改变线程] INFO  WxTools.ViewModel.MainViewModel - 监测线程启动成功
 WxTools.ViewModel.MainViewModelname2017-10-08 11:55:52,337 [1] INFO  WxTools.ViewModel.MainViewModel - 关闭完成
 WxTools.ViewModel.MainViewModelname2017-10-08 12:02:58,049 [1] INFO  WxTools.ViewModel.MainViewModel - 启动完成
 WxTools.ViewModel.MainViewModelname2017-10-08 12:02:58,050 [检测状态改变线程] INFO  WxTools.ViewModel.MainViewModel - 监测线程启动成功
 WxTools.ViewModel.MainViewModelname2017-10-08 12:03:12,274 [1] INFO  WxTools.ViewModel.MainViewModel - 关闭完成
 WxTools.ViewModel.MainViewModelname2017-10-08 12:03:32,730 [1] INFO  WxTools.ViewModel.MainViewModel - 启动完成
 WxTools.ViewModel.MainViewModelname2017-10-08 12:03:32,730 [检测状态改变线程] INFO  WxTools.ViewModel.MainViewModel - 监测线程启动成功
 WxTools.ViewModel.MainViewModelname2017-10-08 12:05:00,920 [1] INFO  WxTools.ViewModel.MainViewModel - 启动完成
 WxTools.ViewModel.MainViewModelname2017-10-08 12:05:00,920 [检测状态改变线程] INFO  WxTools.ViewModel.MainViewModel - 监测线程启动成功
 WxTools.ViewModel.MainViewModelname2017-10-08 12:05:08,893 [6] INFO  WxTools.ViewModel.MainViewModel - 清理一次窗口; SessionCount:1; Operas.Count:1; MaxSessionCount:10;
 WxTools.ViewModel.MainViewModelname2017-10-08 12:05:42,207 [1] INFO  WxTools.ViewModel.MainViewModel - 启动完成
 WxTools.ViewModel.MainViewModelname2017-10-08 12:05:42,207 [检测状态改变线程] INFO  WxTools.ViewModel.MainViewModel - 监测线程启动成功
 WxTools.ViewModel.MainViewModelname2017-10-08 12:05:50,076 [5] INFO  WxTools.ViewModel.MainViewModel - 清理一次窗口; SessionCount:1; Operas.Count:1; MaxSessionCount:10;
 WxTools.ViewModel.MainViewModelname2017-10-08 12:05:56,010 [1] INFO  WxTools.ViewModel.MainViewModel - 关闭完成
 WxTools.ViewModel.MainViewModelname2017-10-08 12:12:18,735 [1] INFO  WxTools.ViewModel.MainViewModel - 启动完成
 WxTools.ViewModel.MainViewModelname2017-10-08 12:12:18,735 [检测状态改变线程] INFO  WxTools.ViewModel.MainViewModel - 监测线程启动成功
 WxTools.ViewModel.MainViewModelname2017-10-08 12:12:27,224 [12] INFO  WxTools.ViewModel.MainViewModel - 清理一次窗口; SessionCount:1; Operas.Count:1; MaxSessionCount:10;
 WxTools.ViewModel.MainViewModelname2017-10-08 15:47:37,415 [1] ERROR WxTools.Client.TcpDal - System.Net.Sockets.SocketException (0x80004005): 由于目标计算机积极拒绝，无法连接。 127.0.0.1:8910
   在 System.Net.Sockets.TcpClient.Connect(String hostname, Int32 port)
   在 SimpleTCP.SimpleTcpClient.Connect(String hostNameOrIpAddress, Int32 port)
   在 WxTools.Client.TcpDal..ctor() 位置 C:\Users\Administrator\Desktop\Project\WxTools\WxTools\TcpDal.cs:行号 21
 WxTools.Client.TcpDalname2017-10-08 15:51:20,845 [5] ERROR WxTools.Client.TcpDal - System.Net.Sockets.SocketException (0x80004005): 由于目标计算机积极拒绝，无法连接。 127.0.0.1:8910
   在 System.Net.Sockets.TcpClient.Connect(String hostname, Int32 port)
   在 SimpleTCP.SimpleTcpClient.Connect(String hostNameOrIpAddress, Int32 port)
   在 WxTools.Client.TcpDal.<Connect>b__3_0() 位置 C:\Users\Administrator\Desktop\Project\WxTools\WxTools\TcpDal.cs:行号 27
 WxTools.Client.TcpDalname2017-10-08 15:51:30,744 [5] ERROR WxTools.Client.TcpDal - System.Net.Sockets.SocketException (0x80004005): 由于目标计算机积极拒绝，无法连接。 127.0.0.1:8910
   在 System.Net.Sockets.TcpClient.Connect(String hostname, Int32 port)
   在 SimpleTCP.SimpleTcpClient.Connect(String hostNameOrIpAddress, Int32 port)
   在 WxTools.Client.TcpDal.<Connect>b__3_0() 位置 C:\Users\Administrator\Desktop\Project\WxTools\WxTools\TcpDal.cs:行号 27
 WxTools.Client.TcpDalname2017-10-08 15:57:50,839 [1] ERROR WxTools.Client.App - System.Windows.Markup.XamlParseException: “{DependencyProperty.UnsetValue}”不是属性“Opacity”的有效值。 ---> System.InvalidOperationException: “{DependencyProperty.UnsetValue}”不是属性“Opacity”的有效值。
   在 System.Windows.DependencyObject.GetEffectiveValue(EntryIndex entryIndex, DependencyProperty dp, RequestFlags requests)
   在 System.Windows.DependencyObject.GetValueEntry(EntryIndex entryIndex, DependencyProperty dp, PropertyMetadata metadata, RequestFlags requests)
   在 System.Windows.DependencyObject.GetValue(DependencyProperty dp)
   在 System.Windows.UIElement.get_Opacity()
   在 System.Windows.UIElement.Opacity_Changed(DependencyObject d, DependencyPropertyChangedEventArgs e)
   在 System.Windows.DependencyObject.OnPropertyChanged(DependencyPropertyChangedEventArgs e)
   在 System.Windows.FrameworkElement.OnPropertyChanged(DependencyPropertyChangedEventArgs e)
   在 System.Windows.DependencyObject.NotifyPropertyChange(DependencyPropertyChangedEventArgs args)
   在 System.Windows.DependencyObject.UpdateEffectiveValue(EntryIndex entryIndex, DependencyProperty dp, PropertyMetadata metadata, EffectiveValueEntry oldEntry, EffectiveValueEntry& newEntry, Boolean coerceWithDeferredReference, Boolean coerceWithCurrentValue, OperationType operationType)
   在 System.Windows.StyleHelper.ApplyTemplatedParentValue(DependencyObject container, FrameworkObject child, Int32 childIndex, FrugalStructList`1& childRecordFromChildIndex, DependencyProperty dp, FrameworkElementFactory templateRoot)
   在 System.Windows.StyleHelper.InvalidatePropertiesOnTemplateNode(DependencyObject container, FrameworkObject child, Int32 childIndex, FrugalStructList`1& childRecordFromChildIndex, Boolean isDetach, FrameworkElementFactory templateRoot)
   在 System.Windows.FrameworkTemplate.InvalidatePropertiesOnTemplate(DependencyObject container, Object currentObject)
   在 System.Windows.FrameworkTemplate.HandleBeforeProperties(Object createdObject, DependencyObject& rootObject, DependencyObject container, FrameworkElement feContainer, INameScope nameScope)
   在 System.Windows.FrameworkTemplate.<>c__DisplayClass45_0.<LoadOptimizedTemplateContent>b__2(Object sender, XamlObjectEventArgs args)
   在 System.Xaml.XamlObjectWriter.OnBeforeProperties(Object value)
   在 System.Xaml.XamlObjectWriter.Logic_CreateAndAssignToParentStart(ObjectWriterContext ctx)
   在 System.Xaml.XamlObjectWriter.WriteStartMember(XamlMember property)
   在 System.Xaml.XamlWriter.WriteNode(XamlReader reader)
   在 System.Windows.FrameworkTemplate.LoadTemplateXaml(XamlReader templateReader, XamlObjectWriter currentWriter)
   --- 内部异常堆栈跟踪的结尾 ---
   在 System.Windows.FrameworkTemplate.LoadTemplateXaml(XamlReader templateReader, XamlObjectWriter currentWriter)
   在 System.Windows.FrameworkTemplate.LoadTemplateXaml(XamlObjectWriter objectWriter)
   在 System.Windows.FrameworkTemplate.LoadOptimizedTemplateContent(DependencyObject container, IComponentConnector componentConnector, IStyleConnector styleConnector, List`1 affectedChildren, UncommonField`1 templatedNonFeChildrenField)
   在 System.Windows.FrameworkTemplate.LoadContent(DependencyObject container, List`1 affectedChildren)
   在 System.Windows.StyleHelper.ApplyTemplateContent(UncommonField`1 dataField, DependencyObject container, FrameworkElementFactory templateRoot, Int32 lastChildIndex, HybridDictionary childIndexFromChildID, FrameworkTemplate frameworkTemplate)
   在 System.Windows.FrameworkTemplate.ApplyTemplateContent(UncommonField`1 templateDataField, FrameworkElement container)
   在 System.Windows.FrameworkElement.ApplyTemplate()
   在 System.Windows.FrameworkElement.MeasureCore(Size availableSize)
   在 System.Windows.UIElement.Measure(Size availableSize)
   在 System.Windows.Controls.StackPanel.StackMeasureHelper(IStackMeasure measureElement, IStackMeasureScrollData scrollData, Size constraint)
   在 System.Windows.Controls.StackPanel.MeasureOverride(Size constraint)
   在 System.Windows.FrameworkElement.MeasureCore(Size availableSize)
   在 System.Windows.UIElement.Measure(Size availableSize)
   在 System.Windows.Controls.Grid.MeasureCell(Int32 cell, Boolean forceInfinityV)
   在 System.Windows.Controls.Grid.MeasureCellsGroup(Int32 cellsHead, Size referenceSize, Boolean ignoreDesiredSizeU, Boolean forceInfinityV, Boolean& hasDesiredSizeUChanged)
   在 System.Windows.Controls.Grid.MeasureCellsGroup(Int32 cellsHead, Size referenceSize, Boolean ignoreDesiredSizeU, Boolean forceInfinityV)
   在 System.Windows.Controls.Grid.MeasureOverride(Size constraint)
   在 System.Windows.FrameworkElement.MeasureCore(Size availableSize)
   在 System.Windows.UIElement.Measure(Size availableSize)
   在 MS.Internal.Helper.MeasureElementWithSingleChild(UIElement element, Size constraint)
   在 System.Windows.Controls.ContentPresenter.MeasureOverride(Size constraint)
   在 System.Windows.FrameworkElement.MeasureCore(Size availableSize)
   在 System.Windows.UIElement.Measure(Size availableSize)
   在 System.Windows.Documents.AdornerDecorator.MeasureOverride(Size constraint)
   在 System.Windows.FrameworkElement.MeasureCore(Size availableSize)
   在 System.Windows.UIElement.Measure(Size availableSize)
   在 System.Windows.Controls.Border.MeasureOverride(Size constraint)
   在 System.Windows.FrameworkElement.MeasureCore(Size availableSize)
   在 System.Windows.UIElement.Measure(Size availableSize)
   在 System.Windows.Window.MeasureOverrideHelper(Size constraint)
   在 System.Windows.Window.MeasureOverride(Size availableSize)
   在 System.Windows.FrameworkElement.MeasureCore(Size availableSize)
   在 System.Windows.UIElement.Measure(Size availableSize)
   在 System.Windows.Interop.HwndSource.SetLayoutSize()
   在 System.Windows.Interop.HwndSource.set_RootVisualInternal(Visual value)
   在 System.Windows.Interop.HwndSource.set_RootVisual(Visual value)
   在 System.Windows.Window.SetRootVisual()
   在 System.Windows.Window.SetRootVisualAndUpdateSTC()
   在 System.Windows.Window.SetupInitialState(Double requestedTop, Double requestedLeft, Double requestedWidth, Double requestedHeight)
   在 System.Windows.Window.CreateSourceWindow(Boolean duringShow)
   在 System.Windows.Window.CreateSourceWindowDuringShow()
   在 System.Windows.Window.SafeCreateWindowDuringShow()
   在 System.Windows.Window.ShowHelper(Object booleanBox)
   在 System.Windows.Threading.ExceptionWrapper.InternalRealCall(Delegate callback, Object args, Int32 numArgs)
   在 System.Windows.Threading.ExceptionWrapper.TryCatchWhen(Object source, Delegate callback, Object args, Int32 numArgs, Delegate catchHandler)
 WxTools.Client.Appname2017-10-08 15:58:54,021 [1] ERROR WxTools.Client.App - System.Windows.Markup.XamlParseException: “{DependencyProperty.UnsetValue}”不是属性“Opacity”的有效值。 ---> System.InvalidOperationException: “{DependencyProperty.UnsetValue}”不是属性“Opacity”的有效值。
   在 System.Windows.DependencyObject.GetEffectiveValue(EntryIndex entryIndex, DependencyProperty dp, RequestFlags requests)
   在 System.Windows.DependencyObject.GetValueEntry(EntryIndex entryIndex, DependencyProperty dp, PropertyMetadata metadata, RequestFlags requests)
   在 System.Windows.DependencyObject.GetValue(DependencyProperty dp)
   在 System.Windows.UIElement.get_Opacity()
   在 System.Windows.UIElement.Opacity_Changed(DependencyObject d, DependencyPropertyChangedEventArgs e)
   在 System.Windows.DependencyObject.OnPropertyChanged(DependencyPropertyChangedEventArgs e)
   在 System.Windows.FrameworkElement.OnPropertyChanged(DependencyPropertyChangedEventArgs e)
   在 System.Windows.DependencyObject.NotifyPropertyChange(DependencyPropertyChangedEventArgs args)
   在 System.Windows.DependencyObject.UpdateEffectiveValue(EntryIndex entryIndex, DependencyProperty dp, PropertyMetadata metadata, EffectiveValueEntry oldEntry, EffectiveValueEntry& newEntry, Boolean coerceWithDeferredReference, Boolean coerceWithCurrentValue, OperationType operationType)
   在 System.Windows.StyleHelper.ApplyTemplatedParentValue(DependencyObject container, FrameworkObject child, Int32 childIndex, FrugalStructList`1& childRecordFromChildIndex, DependencyProperty dp, FrameworkElementFactory templateRoot)
   在 System.Windows.StyleHelper.InvalidatePropertiesOnTemplateNode(DependencyObject container, FrameworkObject child, Int32 childIndex, FrugalStructList`1& childRecordFromChildIndex, Boolean isDetach, FrameworkElementFactory templateRoot)
   在 System.Windows.FrameworkTemplate.InvalidatePropertiesOnTemplate(DependencyObject container, Object currentObject)
   在 System.Windows.FrameworkTemplate.HandleBeforeProperties(Object createdObject, DependencyObject& rootObject, DependencyObject container, FrameworkElement feContainer, INameScope nameScope)
   在 System.Windows.FrameworkTemplate.<>c__DisplayClass45_0.<LoadOptimizedTemplateContent>b__2(Object sender, XamlObjectEventArgs args)
   在 System.Xaml.XamlObjectWriter.OnBeforeProperties(Object value)
   在 System.Xaml.XamlObjectWriter.Logic_CreateAndAssignToParentStart(ObjectWriterContext ctx)
   在 System.Xaml.XamlObjectWriter.WriteStartMember(XamlMember property)
   在 System.Xaml.XamlWriter.WriteNode(XamlReader reader)
   在 System.Windows.FrameworkTemplate.LoadTemplateXaml(XamlReader templateReader, XamlObjectWriter currentWriter)
   --- 内部异常堆栈跟踪的结尾 ---
   在 System.Windows.FrameworkTemplate.LoadTemplateXaml(XamlReader templateReader, XamlObjectWriter currentWriter)
   在 System.Windows.FrameworkTemplate.LoadTemplateXaml(XamlObjectWriter objectWriter)
   在 System.Windows.FrameworkTemplate.LoadOptimizedTemplateContent(DependencyObject container, IComponentConnector componentConnector, IStyleConnector styleConnector, List`1 affectedChildren, UncommonField`1 templatedNonFeChildrenField)
   在 System.Windows.FrameworkTemplate.LoadContent(DependencyObject container, List`1 affectedChildren)
   在 System.Windows.StyleHelper.ApplyTemplateContent(UncommonField`1 dataField, DependencyObject container, FrameworkElementFactory templateRoot, Int32 lastChildIndex, HybridDictionary childIndexFromChildID, FrameworkTemplate frameworkTemplate)
   在 System.Windows.FrameworkTemplate.ApplyTemplateContent(UncommonField`1 templateDataField, FrameworkElement container)
   在 System.Windows.FrameworkElement.ApplyTemplate()
   在 System.Windows.FrameworkElement.MeasureCore(Size availableSize)
   在 System.Windows.UIElement.Measure(Size availableSize)
   在 System.Windows.Controls.StackPanel.StackMeasureHelper(IStackMeasure measureElement, IStackMeasureScrollData scrollData, Size constraint)
   在 System.Windows.Controls.StackPanel.MeasureOverride(Size constraint)
   在 System.Windows.FrameworkElement.MeasureCore(Size availableSize)
   在 System.Windows.UIElement.Measure(Size availableSize)
   在 System.Windows.Controls.Grid.MeasureCell(Int32 cell, Boolean forceInfinityV)
   在 System.Windows.Controls.Grid.MeasureCellsGroup(Int32 cellsHead, Size referenceSize, Boolean ignoreDesiredSizeU, Boolean forceInfinityV, Boolean& hasDesiredSizeUChanged)
   在 System.Windows.Controls.Grid.MeasureCellsGroup(Int32 cellsHead, Size referenceSize, Boolean ignoreDesiredSizeU, Boolean forceInfinityV)
   在 System.Windows.Controls.Grid.MeasureOverride(Size constraint)
   在 System.Windows.FrameworkElement.MeasureCore(Size availableSize)
   在 System.Windows.UIElement.Measure(Size availableSize)
   在 MS.Internal.Helper.MeasureElementWithSingleChild(UIElement element, Size constraint)
   在 System.Windows.Controls.ContentPresenter.MeasureOverride(Size constraint)
   在 System.Windows.FrameworkElement.MeasureCore(Size availableSize)
   在 System.Windows.UIElement.Measure(Size availableSize)
   在 System.Windows.Documents.AdornerDecorator.MeasureOverride(Size constraint)
   在 System.Windows.FrameworkElement.MeasureCore(Size availableSize)
   在 System.Windows.UIElement.Measure(Size availableSize)
   在 System.Windows.Controls.Border.MeasureOverride(Size constraint)
   在 System.Windows.FrameworkElement.MeasureCore(Size availableSize)
   在 System.Windows.UIElement.Measure(Size availableSize)
   在 System.Windows.Window.MeasureOverrideHelper(Size constraint)
   在 System.Windows.Window.MeasureOverride(Size availableSize)
   在 System.Windows.FrameworkElement.MeasureCore(Size availableSize)
   在 System.Windows.UIElement.Measure(Size availableSize)
   在 System.Windows.Interop.HwndSource.SetLayoutSize()
   在 System.Windows.Interop.HwndSource.set_RootVisualInternal(Visual value)
   在 System.Windows.Interop.HwndSource.set_RootVisual(Visual value)
   在 System.Windows.Window.SetRootVisual()
   在 System.Windows.Window.SetRootVisualAndUpdateSTC()
   在 System.Windows.Window.SetupInitialState(Double requestedTop, Double requestedLeft, Double requestedWidth, Double requestedHeight)
   在 System.Windows.Window.CreateSourceWindow(Boolean duringShow)
   在 System.Windows.Window.CreateSourceWindowDuringShow()
   在 System.Windows.Window.SafeCreateWindowDuringShow()
   在 System.Windows.Window.ShowHelper(Object booleanBox)
   在 System.Windows.Threading.ExceptionWrapper.InternalRealCall(Delegate callback, Object args, Int32 numArgs)
   在 System.Windows.Threading.ExceptionWrapper.TryCatchWhen(Object source, Delegate callback, Object args, Int32 numArgs, Delegate catchHandler)
 WxTools.Client.Appname2017-10-08 16:00:49,973 [1] ERROR WxTools.Client.App - System.Windows.Markup.XamlParseException: “{DependencyProperty.UnsetValue}”不是属性“Opacity”的有效值。 ---> System.InvalidOperationException: “{DependencyProperty.UnsetValue}”不是属性“Opacity”的有效值。
   在 System.Windows.DependencyObject.GetEffectiveValue(EntryIndex entryIndex, DependencyProperty dp, RequestFlags requests)
   在 System.Windows.DependencyObject.GetValueEntry(EntryIndex entryIndex, DependencyProperty dp, PropertyMetadata metadata, RequestFlags requests)
   在 System.Windows.DependencyObject.GetValue(DependencyProperty dp)
   在 System.Windows.UIElement.get_Opacity()
   在 System.Windows.UIElement.Opacity_Changed(DependencyObject d, DependencyPropertyChangedEventArgs e)
   在 System.Windows.DependencyObject.OnPropertyChanged(DependencyPropertyChangedEventArgs e)
   在 System.Windows.FrameworkElement.OnPropertyChanged(DependencyPropertyChangedEventArgs e)
   在 System.Windows.DependencyObject.NotifyPropertyChange(DependencyPropertyChangedEventArgs args)
   在 System.Windows.DependencyObject.UpdateEffectiveValue(EntryIndex entryIndex, DependencyProperty dp, PropertyMetadata metadata, EffectiveValueEntry oldEntry, EffectiveValueEntry& newEntry, Boolean coerceWithDeferredReference, Boolean coerceWithCurrentValue, OperationType operationType)
   在 System.Windows.StyleHelper.ApplyTemplatedParentValue(DependencyObject container, FrameworkObject child, Int32 childIndex, FrugalStructList`1& childRecordFromChildIndex, DependencyProperty dp, FrameworkElementFactory templateRoot)
   在 System.Windows.StyleHelper.InvalidatePropertiesOnTemplateNode(DependencyObject container, FrameworkObject child, Int32 childIndex, FrugalStructList`1& childRecordFromChildIndex, Boolean isDetach, FrameworkElementFactory templateRoot)
   在 System.Windows.FrameworkTemplate.InvalidatePropertiesOnTemplate(DependencyObject container, Object currentObject)
   在 System.Windows.FrameworkTemplate.HandleBeforeProperties(Object createdObject, DependencyObject& rootObject, DependencyObject container, FrameworkElement feContainer, INameScope nameScope)
   在 System.Windows.FrameworkTemplate.<>c__DisplayClass45_0.<LoadOptimizedTemplateContent>b__2(Object sender, XamlObjectEventArgs args)
   在 System.Xaml.XamlObjectWriter.OnBeforeProperties(Object value)
   在 System.Xaml.XamlObjectWriter.Logic_CreateAndAssignToParentStart(ObjectWriterContext ctx)
   在 System.Xaml.XamlObjectWriter.WriteStartMember(XamlMember property)
   在 System.Xaml.XamlWriter.WriteNode(XamlReader reader)
   在 System.Windows.FrameworkTemplate.LoadTemplateXaml(XamlReader templateReader, XamlObjectWriter currentWriter)
   --- 内部异常堆栈跟踪的结尾 ---
   在 System.Windows.FrameworkTemplate.LoadTemplateXaml(XamlReader templateReader, XamlObjectWriter currentWriter)
   在 System.Windows.FrameworkTemplate.LoadTemplateXaml(XamlObjectWriter objectWriter)
   在 System.Windows.FrameworkTemplate.LoadOptimizedTemplateContent(DependencyObject container, IComponentConnector componentConnector, IStyleConnector styleConnector, List`1 affectedChildren, UncommonField`1 templatedNonFeChildrenField)
   在 System.Windows.FrameworkTemplate.LoadContent(DependencyObject container, List`1 affectedChildren)
   在 System.Windows.StyleHelper.ApplyTemplateContent(UncommonField`1 dataField, DependencyObject container, FrameworkElementFactory templateRoot, Int32 lastChildIndex, HybridDictionary childIndexFromChildID, FrameworkTemplate frameworkTemplate)
   在 System.Windows.FrameworkTemplate.ApplyTemplateContent(UncommonField`1 templateDataField, FrameworkElement container)
   在 System.Windows.FrameworkElement.ApplyTemplate()
   在 System.Windows.FrameworkElement.MeasureCore(Size availableSize)
   在 System.Windows.UIElement.Measure(Size availableSize)
   在 System.Windows.Controls.StackPanel.StackMeasureHelper(IStackMeasure measureElement, IStackMeasureScrollData scrollData, Size constraint)
   在 System.Windows.Controls.StackPanel.MeasureOverride(Size constraint)
   在 System.Windows.FrameworkElement.MeasureCore(Size availableSize)
   在 System.Windows.UIElement.Measure(Size availableSize)
   在 System.Windows.Controls.Grid.MeasureCell(Int32 cell, Boolean forceInfinityV)
   在 System.Windows.Controls.Grid.MeasureCellsGroup(Int32 cellsHead, Size referenceSize, Boolean ignoreDesiredSizeU, Boolean forceInfinityV, Boolean& hasDesiredSizeUChanged)
   在 System.Windows.Controls.Grid.MeasureCellsGroup(Int32 cellsHead, Size referenceSize, Boolean ignoreDesiredSizeU, Boolean forceInfinityV)
   在 System.Windows.Controls.Grid.MeasureOverride(Size constraint)
   在 System.Windows.FrameworkElement.MeasureCore(Size availableSize)
   在 System.Windows.UIElement.Measure(Size availableSize)
   在 MS.Internal.Helper.MeasureElementWithSingleChild(UIElement element, Size constraint)
   在 System.Windows.Controls.ContentPresenter.MeasureOverride(Size constraint)
   在 System.Windows.FrameworkElement.MeasureCore(Size availableSize)
   在 System.Windows.UIElement.Measure(Size availableSize)
   在 System.Windows.Documents.AdornerDecorator.MeasureOverride(Size constraint)
   在 System.Windows.FrameworkElement.MeasureCore(Size availableSize)
   在 System.Windows.UIElement.Measure(Size availableSize)
   在 System.Windows.Controls.Border.MeasureOverride(Size constraint)
   在 System.Windows.FrameworkElement.MeasureCore(Size availableSize)
   在 System.Windows.UIElement.Measure(Size availableSize)
   在 System.Windows.Window.MeasureOverrideHelper(Size constraint)
   在 System.Windows.Window.MeasureOverride(Size availableSize)
   在 System.Windows.FrameworkElement.MeasureCore(Size availableSize)
   在 System.Windows.UIElement.Measure(Size availableSize)
   在 System.Windows.Interop.HwndSource.SetLayoutSize()
   在 System.Windows.Interop.HwndSource.set_RootVisualInternal(Visual value)
   在 System.Windows.Interop.HwndSource.set_RootVisual(Visual value)
   在 System.Windows.Window.SetRootVisual()
   在 System.Windows.Window.SetRootVisualAndUpdateSTC()
   在 System.Windows.Window.SetupInitialState(Double requestedTop, Double requestedLeft, Double requestedWidth, Double requestedHeight)
   在 System.Windows.Window.CreateSourceWindow(Boolean duringShow)
   在 System.Windows.Window.CreateSourceWindowDuringShow()
   在 System.Windows.Window.SafeCreateWindowDuringShow()
   在 System.Windows.Window.ShowHelper(Object booleanBox)
   在 System.Windows.Threading.ExceptionWrapper.InternalRealCall(Delegate callback, Object args, Int32 numArgs)
   在 System.Windows.Threading.ExceptionWrapper.TryCatchWhen(Object source, Delegate callback, Object args, Int32 numArgs, Delegate catchHandler)
 WxTools.Client.Appname2017-10-08 16:01:48,078 [1] INFO  WxTools.Client.ViewModel.MainViewModel - 未找到微信(先运行微信)
 WxTools.Client.ViewModel.MainViewModelname2017-10-08 16:51:15,088 [12] INFO  WxTools.Client.TcpDal - 收到一条消息
 WxTools.Client.TcpDalname2017-10-08 16:51:15,103 [12] INFO  WxTools.Client.TcpDal - 执行URl
 WxTools.Client.TcpDalname