2017-10-11 22:04:31,659 [6] INFO  WxTools.Client.Common - 进入自动更新
 WxTools.Client.Commonname2017-10-11 22:04:40,019 [检测状态线程] INFO  WxTools.Client.ViewModel.MainViewModel - 监测线程启动成功
 WxTools.Client.ViewModel.MainViewModelname2017-10-11 22:06:38,075 [检测状态线程] INFO  WxTools.Client.ViewModel.MainViewModel - 监测线程启动成功
 WxTools.Client.ViewModel.MainViewModelname2017-10-11 22:09:48,792 [6] ERROR WxTools.Client.Common - HasNewVersion
 WxTools.Client.CommonnameSystem.Net.Sockets.SocketException (0x80004005): 由于目标计算机积极拒绝，无法连接。 127.0.0.1:4542

Server stack trace: 
   在 System.Net.Sockets.Socket.DoConnect(EndPoint endPointSnapshot, SocketAddress socketAddress)
   在 System.Net.Sockets.Socket.Connect(EndPoint remoteEP)
   在 System.Runtime.Remoting.Channels.RemoteConnection.CreateNewSocket(EndPoint ipEndPoint)
   在 System.Runtime.Remoting.Channels.RemoteConnection.CreateNewSocket()
   在 System.Runtime.Remoting.Channels.RemoteConnection.GetSocket()
   在 System.Runtime.Remoting.Channels.SocketCache.GetSocket(String machinePortAndSid, Boolean openNew)
   在 System.Runtime.Remoting.Channels.Tcp.TcpClientTransportSink.SendRequestWithRetry(IMessage msg, ITransportHeaders requestHeaders, Stream requestStream)
   在 System.Runtime.Remoting.Channels.Tcp.TcpClientTransportSink.ProcessMessage(IMessage msg, ITransportHeaders requestHeaders, Stream requestStream, ITransportHeaders& responseHeaders, Stream& responseStream)
   在 System.Runtime.Remoting.Channels.BinaryClientFormatterSink.SyncProcessMessage(IMessage msg)

Exception rethrown at [0]: 
   在 System.Runtime.Remoting.Proxies.RealProxy.HandleReturnMessage(IMessage reqMsg, IMessage retMsg)
   在 System.Runtime.Remoting.Proxies.RealProxy.PrivateInvoke(MessageData& msgData, Int32 type)
   在 OAUS.Core.IOausService.GetLatestVersion()
   在 OAUS.Core.VersionHelper.GetLatestVersion(String oausServerIP, Int32 oausServerPort)
   在 OAUS.Core.VersionHelper.HasNewVersion(String oausServerIP, Int32 oausServerPort)
   在 WxTools.Client.Common.HasNewVersion() 位置 C:\Users\Administrator\Desktop\Project\WxTools\WxTools\Common.cs:行号 37
2017-10-11 22:09:49,245 [检测状态线程] INFO  WxTools.Client.ViewModel.MainViewModel - 监测线程启动成功
 WxTools.Client.ViewModel.MainViewModelname2017-10-11 22:10:48,542 [7] ERROR WxTools.Client.Common - HasNewVersion
 WxTools.Client.CommonnameSystem.Net.Sockets.SocketException (0x80004005): 由于目标计算机积极拒绝，无法连接。 127.0.0.1:4542

Server stack trace: 
   在 System.Net.Sockets.Socket.DoConnect(EndPoint endPointSnapshot, SocketAddress socketAddress)
   在 System.Net.Sockets.Socket.Connect(EndPoint remoteEP)
   在 System.Runtime.Remoting.Channels.RemoteConnection.CreateNewSocket(EndPoint ipEndPoint)
   在 System.Runtime.Remoting.Channels.RemoteConnection.CreateNewSocket()
   在 System.Runtime.Remoting.Channels.RemoteConnection.GetSocket()
   在 System.Runtime.Remoting.Channels.SocketCache.GetSocket(String machinePortAndSid, Boolean openNew)
   在 System.Runtime.Remoting.Channels.Tcp.TcpClientTransportSink.SendRequestWithRetry(IMessage msg, ITransportHeaders requestHeaders, Stream requestStream)
   在 System.Runtime.Remoting.Channels.Tcp.TcpClientTransportSink.ProcessMessage(IMessage msg, ITransportHeaders requestHeaders, Stream requestStream, ITransportHeaders& responseHeaders, Stream& responseStream)
   在 System.Runtime.Remoting.Channels.BinaryClientFormatterSink.SyncProcessMessage(IMessage msg)

Exception rethrown at [0]: 
   在 System.Runtime.Remoting.Proxies.RealProxy.HandleReturnMessage(IMessage reqMsg, IMessage retMsg)
   在 System.Runtime.Remoting.Proxies.RealProxy.PrivateInvoke(MessageData& msgData, Int32 type)
   在 OAUS.Core.IOausService.GetLatestVersion()
   在 OAUS.Core.VersionHelper.GetLatestVersion(String oausServerIP, Int32 oausServerPort)
   在 OAUS.Core.VersionHelper.HasNewVersion(String oausServerIP, Int32 oausServerPort)
   在 WxTools.Client.Common.HasNewVersion() 位置 C:\Users\Administrator\Desktop\Project\WxTools\WxTools\Common.cs:行号 37
2017-10-11 22:12:19,996 [7] ERROR WxTools.Client.Common - HasNewVersion
 WxTools.Client.CommonnameSystem.Net.Sockets.SocketException (0x80004005): 由于目标计算机积极拒绝，无法连接。 127.0.0.1:4542

Server stack trace: 
   在 System.Net.Sockets.Socket.DoConnect(EndPoint endPointSnapshot, SocketAddress socketAddress)
   在 System.Net.Sockets.Socket.Connect(EndPoint remoteEP)
   在 System.Runtime.Remoting.Channels.RemoteConnection.CreateNewSocket(EndPoint ipEndPoint)
   在 System.Runtime.Remoting.Channels.RemoteConnection.CreateNewSocket()
   在 System.Runtime.Remoting.Channels.RemoteConnection.GetSocket()
   在 System.Runtime.Remoting.Channels.SocketCache.GetSocket(String machinePortAndSid, Boolean openNew)
   在 System.Runtime.Remoting.Channels.Tcp.TcpClientTransportSink.SendRequestWithRetry(IMessage msg, ITransportHeaders requestHeaders, Stream requestStream)
   在 System.Runtime.Remoting.Channels.Tcp.TcpClientTransportSink.ProcessMessage(IMessage msg, ITransportHeaders requestHeaders, Stream requestStream, ITransportHeaders& responseHeaders, Stream& responseStream)
   在 System.Runtime.Remoting.Channels.BinaryClientFormatterSink.SyncProcessMessage(IMessage msg)

Exception rethrown at [0]: 
   在 System.Runtime.Remoting.Proxies.RealProxy.HandleReturnMessage(IMessage reqMsg, IMessage retMsg)
   在 System.Runtime.Remoting.Proxies.RealProxy.PrivateInvoke(MessageData& msgData, Int32 type)
   在 OAUS.Core.IOausService.GetLatestVersion()
   在 OAUS.Core.VersionHelper.GetLatestVersion(String oausServerIP, Int32 oausServerPort)
   在 OAUS.Core.VersionHelper.HasNewVersion(String oausServerIP, Int32 oausServerPort)
   在 WxTools.Client.Common.HasNewVersion() 位置 C:\Users\Administrator\Desktop\Project\WxTools\WxTools\Common.cs:行号 37
2017-10-11 22:12:20,252 [检测状态线程] INFO  WxTools.Client.ViewModel.MainViewModel - 监测线程启动成功
 WxTools.Client.ViewModel.MainViewModelname2017-10-11 22:12:50,383 [6] ERROR WxTools.Client.Common - HasNewVersion
 WxTools.Client.CommonnameSystem.Net.Sockets.SocketException (0x80004005): 由于目标计算机积极拒绝，无法连接。 127.0.0.1:4542

Server stack trace: 
   在 System.Net.Sockets.Socket.DoConnect(EndPoint endPointSnapshot, SocketAddress socketAddress)
   在 System.Net.Sockets.Socket.Connect(EndPoint remoteEP)
   在 System.Runtime.Remoting.Channels.RemoteConnection.CreateNewSocket(EndPoint ipEndPoint)
   在 System.Runtime.Remoting.Channels.RemoteConnection.CreateNewSocket()
   在 System.Runtime.Remoting.Channels.RemoteConnection.GetSocket()
   在 System.Runtime.Remoting.Channels.SocketCache.GetSocket(String machinePortAndSid, Boolean openNew)
   在 System.Runtime.Remoting.Channels.Tcp.TcpClientTransportSink.SendRequestWithRetry(IMessage msg, ITransportHeaders requestHeaders, Stream requestStream)
   在 System.Runtime.Remoting.Channels.Tcp.TcpClientTransportSink.ProcessMessage(IMessage msg, ITransportHeaders requestHeaders, Stream requestStream, ITransportHeaders& responseHeaders, Stream& responseStream)
   在 System.Runtime.Remoting.Channels.BinaryClientFormatterSink.SyncProcessMessage(IMessage msg)

Exception rethrown at [0]: 
   在 System.Runtime.Remoting.Proxies.RealProxy.HandleReturnMessage(IMessage reqMsg, IMessage retMsg)
   在 System.Runtime.Remoting.Proxies.RealProxy.PrivateInvoke(MessageData& msgData, Int32 type)
   在 OAUS.Core.IOausService.GetLatestVersion()
   在 OAUS.Core.VersionHelper.GetLatestVersion(String oausServerIP, Int32 oausServerPort)
   在 OAUS.Core.VersionHelper.HasNewVersion(String oausServerIP, Int32 oausServerPort)
   在 WxTools.Client.Common.HasNewVersion() 位置 C:\Users\Administrator\Desktop\Project\WxTools\WxTools\Common.cs:行号 37
2017-10-11 22:12:50,532 [检测状态线程] INFO  WxTools.Client.ViewModel.MainViewModel - 监测线程启动成功
 WxTools.Client.ViewModel.MainViewModelname2017-10-11 22:13:01,890 [6] ERROR WxTools.Client.Common - HasNewVersion
 WxTools.Client.CommonnameSystem.Net.Sockets.SocketException (0x80004005): 由于目标计算机积极拒绝，无法连接。 127.0.0.1:4542

Server stack trace: 
   在 System.Net.Sockets.Socket.DoConnect(EndPoint endPointSnapshot, SocketAddress socketAddress)
   在 System.Net.Sockets.Socket.Connect(EndPoint remoteEP)
   在 System.Runtime.Remoting.Channels.RemoteConnection.CreateNewSocket(EndPoint ipEndPoint)
   在 System.Runtime.Remoting.Channels.RemoteConnection.CreateNewSocket()
   在 System.Runtime.Remoting.Channels.RemoteConnection.GetSocket()
   在 System.Runtime.Remoting.Channels.SocketCache.GetSocket(String machinePortAndSid, Boolean openNew)
   在 System.Runtime.Remoting.Channels.Tcp.TcpClientTransportSink.SendRequestWithRetry(IMessage msg, ITransportHeaders requestHeaders, Stream requestStream)
   在 System.Runtime.Remoting.Channels.Tcp.TcpClientTransportSink.ProcessMessage(IMessage msg, ITransportHeaders requestHeaders, Stream requestStream, ITransportHeaders& responseHeaders, Stream& responseStream)
   在 System.Runtime.Remoting.Channels.BinaryClientFormatterSink.SyncProcessMessage(IMessage msg)

Exception rethrown at [0]: 
   在 System.Runtime.Remoting.Proxies.RealProxy.HandleReturnMessage(IMessage reqMsg, IMessage retMsg)
   在 System.Runtime.Remoting.Proxies.RealProxy.PrivateInvoke(MessageData& msgData, Int32 type)
   在 OAUS.Core.IOausService.GetLatestVersion()
   在 OAUS.Core.VersionHelper.GetLatestVersion(String oausServerIP, Int32 oausServerPort)
   在 OAUS.Core.VersionHelper.HasNewVersion(String oausServerIP, Int32 oausServerPort)
   在 WxTools.Client.Common.HasNewVersion() 位置 C:\Users\Administrator\Desktop\Project\WxTools\WxTools\Common.cs:行号 37
2017-10-11 22:13:02,238 [检测状态线程] INFO  WxTools.Client.ViewModel.MainViewModel - 监测线程启动成功
 WxTools.Client.ViewModel.MainViewModelname2017-10-11 22:29:30,298 [检测状态线程] INFO  WxTools.Client.ViewModel.MainViewModel - 监测线程启动成功
 WxTools.Client.ViewModel.MainViewModelname2017-10-11 22:30:10,250 [9] INFO  WxTools.Client.Dal.TcpClientDal - 执行URl
 WxTools.Client.Dal.TcpClientDalname2017-10-11 22:30:10,452 [Url执行线程] INFO  WxTools.Client.ViewModel.MainViewModel - 执行url完毕
 WxTools.Client.ViewModel.MainViewModelname2017-10-11 22:30:36,723 [检测状态线程] INFO  WxTools.Client.ViewModel.MainViewModel - 新的微信
 WxTools.Client.ViewModel.MainViewModelname2017-10-11 22:30:50,934 [9] INFO  WxTools.Client.Dal.TcpClientDal - 执行URl
 WxTools.Client.Dal.TcpClientDalname2017-10-11 22:30:51,122 [14] INFO  WxTools.Client.ViewModel.MainViewModel - ExecuteUrl Operas[0]开始执行
 WxTools.Client.ViewModel.MainViewModelname2017-10-11 22:30:58,381 [14] INFO  WxTools.Client.ViewModel.MainViewModel - 清理一次窗口; SessionCount:1; Operas.Count:1; MaxSessionCount:10;
 WxTools.Client.ViewModel.MainViewModelname2017-10-11 22:31:02,390 [Url执行线程] INFO  WxTools.Client.ViewModel.MainViewModel - 执行url完毕
 WxTools.Client.ViewModel.MainViewModelname2017-10-11 22:31:11,451 [9] INFO  WxTools.Client.Dal.TcpClientDal - 执行URl
 WxTools.Client.Dal.TcpClientDalname2017-10-11 22:31:11,890 [14] INFO  WxTools.Client.ViewModel.MainViewModel - ExecuteUrl Operas[0]开始执行
 WxTools.Client.ViewModel.MainViewModelname2017-10-11 22:31:18,697 [14] INFO  WxTools.Client.ViewModel.MainViewModel - 清理一次窗口; SessionCount:1; Operas.Count:1; MaxSessionCount:10;
 WxTools.Client.ViewModel.MainViewModelname2017-10-11 22:31:22,700 [Url执行线程] INFO  WxTools.Client.ViewModel.MainViewModel - 执行url完毕
 WxTools.Client.ViewModel.MainViewModelname2017-10-11 22:35:56,880 [检测状态线程] INFO  WxTools.Client.ViewModel.MainViewModel - 监测线程启动成功
 WxTools.Client.ViewModel.MainViewModelname2017-10-11 22:36:00,899 [检测状态线程] INFO  WxTools.Client.ViewModel.MainViewModel - 新的微信
 WxTools.Client.ViewModel.MainViewModelname2017-10-11 22:36:05,773 [12] INFO  WxTools.Client.Dal.TcpClientDal - 执行URl
 WxTools.Client.Dal.TcpClientDalname2017-10-11 22:36:05,816 [7] INFO  WxTools.Client.ViewModel.MainViewModel - ExecuteUrl Operas[0]开始执行
 WxTools.Client.ViewModel.MainViewModelname2017-10-11 22:36:12,756 [7] INFO  WxTools.Client.ViewModel.MainViewModel - 清理一次窗口; SessionCount:1; Operas.Count:1; MaxSessionCount:10;
 WxTools.Client.ViewModel.MainViewModelname2017-10-11 22:36:16,760 [Url执行线程] INFO  WxTools.Client.ViewModel.MainViewModel - 执行url完毕
 WxTools.Client.ViewModel.MainViewModelname2017-10-11 22:36:24,917 [12] INFO  WxTools.Client.Dal.TcpClientDal - 执行URl
 WxTools.Client.Dal.TcpClientDalname2017-10-11 22:36:24,962 [8] INFO  WxTools.Client.ViewModel.MainViewModel - ExecuteUrl Operas[0]开始执行
 WxTools.Client.ViewModel.MainViewModelname2017-10-11 22:36:31,813 [8] INFO  WxTools.Client.ViewModel.MainViewModel - 清理一次窗口; SessionCount:1; Operas.Count:1; MaxSessionCount:10;
 WxTools.Client.ViewModel.MainViewModelname2017-10-11 22:36:35,821 [Url执行线程] INFO  WxTools.Client.ViewModel.MainViewModel - 执行url完毕
 WxTools.Client.ViewModel.MainViewModelname2017-10-11 22:36:44,451 [12] INFO  WxTools.Client.Dal.TcpClientDal - 执行URl
 WxTools.Client.Dal.TcpClientDalname2017-10-11 22:36:44,471 [17] INFO  WxTools.Client.ViewModel.MainViewModel - ExecuteUrl Operas[0]开始执行
 WxTools.Client.ViewModel.MainViewModelname2017-10-11 22:36:51,336 [17] INFO  WxTools.Client.ViewModel.MainViewModel - 清理一次窗口; SessionCount:1; Operas.Count:1; MaxSessionCount:10;
 WxTools.Client.ViewModel.MainViewModelname2017-10-11 22:36:55,348 [Url执行线程] INFO  WxTools.Client.ViewModel.MainViewModel - 执行url完毕
 WxTools.Client.ViewModel.MainViewModelname2017-10-11 22:38:50,248 [6] INFO  WxTools.Client.Common - 进入自动更新
 WxTools.Client.Commonname2017-10-11 22:39:00,823 [检测状态线程] INFO  WxTools.Client.ViewModel.MainViewModel - 监测线程启动成功
 WxTools.Client.ViewModel.MainViewModelname2017-10-11 22:39:04,837 [检测状态线程] INFO  WxTools.Client.ViewModel.MainViewModel - 新的微信
 WxTools.Client.ViewModel.MainViewModelname2017-10-11 22:39:30,539 [9] INFO  WxTools.Client.Dal.TcpClientDal - 执行URl
 WxTools.Client.Dal.TcpClientDalname2017-10-11 22:39:30,570 [7] INFO  WxTools.Client.ViewModel.MainViewModel - ExecuteUrl Operas[0]开始执行
 WxTools.Client.ViewModel.MainViewModelname2017-10-11 22:39:37,953 [7] INFO  WxTools.Client.ViewModel.MainViewModel - 清理一次窗口; SessionCount:1; Operas.Count:1; MaxSessionCount:10;
 WxTools.Client.ViewModel.MainViewModelname2017-10-11 22:39:41,960 [Url执行线程] INFO  WxTools.Client.ViewModel.MainViewModel - 执行url完毕
 WxTools.Client.ViewModel.MainViewModelname