2017-10-13 20:28:58,454 [9] ERROR WxTools.Client.Common - HasNewVersion
 WxTools.Client.CommonnameSystem.NullReferenceException: 未将对象引用设置到对象的实例。
   在 OAUS.Core.VersionHelper.GetCurrentVersion()
   在 OAUS.Core.VersionHelper.HasNewVersion(String oausServerIP, Int32 oausServerPort)
   在 WxTools.Client.Common.HasNewVersion() 位置 C:\Users\Administrator\Desktop\Project\WxTools\WxTools\Common.cs:行号 37
2017-10-13 20:29:46,879 [6] ERROR WxTools.Client.Common - HasNewVersion
 WxTools.Client.CommonnameSystem.NullReferenceException: 未将对象引用设置到对象的实例。
   在 OAUS.Core.VersionHelper.GetCurrentVersion()
   在 OAUS.Core.VersionHelper.HasNewVersion(String oausServerIP, Int32 oausServerPort)
   在 WxTools.Client.Common.HasNewVersion() 位置 C:\Users\Administrator\Desktop\Project\WxTools\WxTools\Common.cs:行号 37
2017-10-13 20:30:02,843 [检测状态线程] INFO  WxTools.Client.ViewModel.MainViewModel - 监测线程启动成功
 WxTools.Client.ViewModel.MainViewModelname2017-10-13 20:33:43,115 [6] ERROR WxTools.Client.Common - HasNewVersion
 WxTools.Client.CommonnameSystem.NullReferenceException: 未将对象引用设置到对象的实例。
   在 OAUS.Core.VersionHelper.GetCurrentVersion()
   在 OAUS.Core.VersionHelper.HasNewVersion(String oausServerIP, Int32 oausServerPort)
   在 WxTools.Client.Common.HasNewVersion() 位置 C:\Users\Administrator\Desktop\Project\WxTools\WxTools\Common.cs:行号 37
2017-10-13 20:34:32,871 [6] ERROR WxTools.Client.Common - HasNewVersion
 WxTools.Client.CommonnameSystem.NullReferenceException: 未将对象引用设置到对象的实例。
   在 OAUS.Core.VersionHelper.GetCurrentVersion()
   在 OAUS.Core.VersionHelper.HasNewVersion(String oausServerIP, Int32 oausServerPort)
   在 WxTools.Client.Common.HasNewVersion() 位置 C:\Users\Administrator\Desktop\Project\WxTools\WxTools\Common.cs:行号 37
2017-10-13 20:35:10,308 [检测状态线程] INFO  WxTools.Client.ViewModel.MainViewModel - 监测线程启动成功
 WxTools.Client.ViewModel.MainViewModelname2017-10-13 20:35:51,008 [6] ERROR WxTools.Client.Common - HasNewVersion
 WxTools.Client.CommonnameSystem.NullReferenceException: 未将对象引用设置到对象的实例。
   在 OAUS.Core.VersionHelper.GetCurrentVersion()
   在 OAUS.Core.VersionHelper.HasNewVersion(String oausServerIP, Int32 oausServerPort)
   在 WxTools.Client.Common.HasNewVersion() 位置 C:\Users\Administrator\Desktop\Project\WxTools\WxTools\Common.cs:行号 37
2017-10-13 20:36:14,802 [6] INFO  WxTools.Client.Common - 进入自动更新
 WxTools.Client.Commonname2017-10-13 20:36:27,656 [检测状态线程] INFO  WxTools.Client.ViewModel.MainViewModel - 监测线程启动成功
 WxTools.Client.ViewModel.MainViewModelname2017-10-13 20:36:33,432 [检测状态线程] INFO  WxTools.Client.ViewModel.MainViewModel - 监测线程启动成功
 WxTools.Client.ViewModel.MainViewModelname