2017-10-16 20:30:51,255 [5] WARN  WxTools.Client.Dal.TcpClientDal - 尝试登陆
 WxTools.Client.Dal.TcpClientDalnameSystem.IO.FileNotFoundException: 检索 COM 类工厂中 CLSID 为 {F6C2EA3D-2A5A-4B63-AFDB-5E24BD1D39A0} 的组件失败，原因是出现以下错误: 8007007e 找不到指定的模块。 (异常来自 HRESULT:0x8007007E)。
   在 System.RuntimeTypeHandle.CreateInstance(RuntimeType type, Boolean publicOnly, Boolean noCheck, Boolean& canBeCached, RuntimeMethodHandleInternal& ctor, Boolean& bNeedSecurityCheck)
   在 System.RuntimeType.CreateInstanceSlow(Boolean publicOnly, Boolean skipCheckThis, Boolean fillCache, StackCrawlMark& stackMark)
   在 System.RuntimeType.CreateInstanceDefaultCtor(Boolean publicOnly, Boolean skipCheckThis, Boolean fillCache, StackCrawlMark& stackMark)
   在 System.Activator.CreateInstance(Type type, Boolean nonPublic)
   在 System.Activator.CreateInstance(Type type)
   在 LwSoft.Lwsoft3..ctor() 位置 C:\Users\Administrator\Desktop\Project\WxTools\LwSoft\Lwsoft3.cs:行号 56
   在 WxTools.Client.LwFactory.GetLw(Int32 i) 位置 C:\Users\Administrator\Desktop\Project\WxTools\WxTools.Client\LwFactory.cs:行号 18
   在 WxTools.Client.LwFactory.get_Default() 位置 C:\Users\Administrator\Desktop\Project\WxTools\WxTools.Client\LwFactory.cs:行号 12
   在 WxTools.Client.Dal.TcpClientDal.<Connect>b__11_0() 位置 C:\Users\Administrator\Desktop\Project\WxTools\WxTools.Client\Dal\TcpClientDal.cs:行号 68
2017-10-16 20:30:53,310 [5] WARN  WxTools.Client.Dal.TcpClientDal - 尝试登陆
 WxTools.Client.Dal.TcpClientDalnameSystem.IO.FileNotFoundException: 检索 COM 类工厂中 CLSID 为 {F6C2EA3D-2A5A-4B63-AFDB-5E24BD1D39A0} 的组件失败，原因是出现以下错误: 8007007e 找不到指定的模块。 (异常来自 HRESULT:0x8007007E)。
   在 System.RuntimeTypeHandle.CreateInstance(RuntimeType type, Boolean publicOnly, Boolean noCheck, Boolean& canBeCached, RuntimeMethodHandleInternal& ctor, Boolean& bNeedSecurityCheck)
   在 System.RuntimeType.CreateInstanceSlow(Boolean publicOnly, Boolean skipCheckThis, Boolean fillCache, StackCrawlMark& stackMark)
   在 System.RuntimeType.CreateInstanceDefaultCtor(Boolean publicOnly, Boolean skipCheckThis, Boolean fillCache, StackCrawlMark& stackMark)
   在 System.Activator.CreateInstance(Type type, Boolean nonPublic)
   在 System.Activator.CreateInstance(Type type)
   在 LwSoft.Lwsoft3..ctor() 位置 C:\Users\Administrator\Desktop\Project\WxTools\LwSoft\Lwsoft3.cs:行号 56
   在 WxTools.Client.LwFactory.GetLw(Int32 i) 位置 C:\Users\Administrator\Desktop\Project\WxTools\WxTools.Client\LwFactory.cs:行号 18
   在 WxTools.Client.LwFactory.get_Default() 位置 C:\Users\Administrator\Desktop\Project\WxTools\WxTools.Client\LwFactory.cs:行号 12
   在 WxTools.Client.Dal.TcpClientDal.<Connect>b__11_0() 位置 C:\Users\Administrator\Desktop\Project\WxTools\WxTools.Client\Dal\TcpClientDal.cs:行号 68
2017-10-16 20:30:55,319 [5] WARN  WxTools.Client.Dal.TcpClientDal - 尝试登陆
 WxTools.Client.Dal.TcpClientDalnameSystem.IO.FileNotFoundException: 检索 COM 类工厂中 CLSID 为 {F6C2EA3D-2A5A-4B63-AFDB-5E24BD1D39A0} 的组件失败，原因是出现以下错误: 8007007e 找不到指定的模块。 (异常来自 HRESULT:0x8007007E)。
   在 System.RuntimeTypeHandle.CreateInstance(RuntimeType type, Boolean publicOnly, Boolean noCheck, Boolean& canBeCached, RuntimeMethodHandleInternal& ctor, Boolean& bNeedSecurityCheck)
   在 System.RuntimeType.CreateInstanceSlow(Boolean publicOnly, Boolean skipCheckThis, Boolean fillCache, StackCrawlMark& stackMark)
   在 System.RuntimeType.CreateInstanceDefaultCtor(Boolean publicOnly, Boolean skipCheckThis, Boolean fillCache, StackCrawlMark& stackMark)
   在 System.Activator.CreateInstance(Type type, Boolean nonPublic)
   在 System.Activator.CreateInstance(Type type)
   在 LwSoft.Lwsoft3..ctor() 位置 C:\Users\Administrator\Desktop\Project\WxTools\LwSoft\Lwsoft3.cs:行号 56
   在 WxTools.Client.LwFactory.GetLw(Int32 i) 位置 C:\Users\Administrator\Desktop\Project\WxTools\WxTools.Client\LwFactory.cs:行号 18
   在 WxTools.Client.LwFactory.get_Default() 位置 C:\Users\Administrator\Desktop\Project\WxTools\WxTools.Client\LwFactory.cs:行号 12
   在 WxTools.Client.Dal.TcpClientDal.<Connect>b__11_0() 位置 C:\Users\Administrator\Desktop\Project\WxTools\WxTools.Client\Dal\TcpClientDal.cs:行号 68
2017-10-16 20:30:57,328 [5] WARN  WxTools.Client.Dal.TcpClientDal - 尝试登陆
 WxTools.Client.Dal.TcpClientDalnameSystem.IO.FileNotFoundException: 检索 COM 类工厂中 CLSID 为 {F6C2EA3D-2A5A-4B63-AFDB-5E24BD1D39A0} 的组件失败，原因是出现以下错误: 8007007e 找不到指定的模块。 (异常来自 HRESULT:0x8007007E)。
   在 System.RuntimeTypeHandle.CreateInstance(RuntimeType type, Boolean publicOnly, Boolean noCheck, Boolean& canBeCached, RuntimeMethodHandleInternal& ctor, Boolean& bNeedSecurityCheck)
   在 System.RuntimeType.CreateInstanceSlow(Boolean publicOnly, Boolean skipCheckThis, Boolean fillCache, StackCrawlMark& stackMark)
   在 System.RuntimeType.CreateInstanceDefaultCtor(Boolean publicOnly, Boolean skipCheckThis, Boolean fillCache, StackCrawlMark& stackMark)
   在 System.Activator.CreateInstance(Type type, Boolean nonPublic)
   在 System.Activator.CreateInstance(Type type)
   在 LwSoft.Lwsoft3..ctor() 位置 C:\Users\Administrator\Desktop\Project\WxTools\LwSoft\Lwsoft3.cs:行号 56
   在 WxTools.Client.LwFactory.GetLw(Int32 i) 位置 C:\Users\Administrator\Desktop\Project\WxTools\WxTools.Client\LwFactory.cs:行号 18
   在 WxTools.Client.LwFactory.get_Default() 位置 C:\Users\Administrator\Desktop\Project\WxTools\WxTools.Client\LwFactory.cs:行号 12
   在 WxTools.Client.Dal.TcpClientDal.<Connect>b__11_0() 位置 C:\Users\Administrator\Desktop\Project\WxTools\WxTools.Client\Dal\TcpClientDal.cs:行号 68
2017-10-16 20:30:59,337 [5] WARN  WxTools.Client.Dal.TcpClientDal - 尝试登陆
 WxTools.Client.Dal.TcpClientDalnameSystem.IO.FileNotFoundException: 检索 COM 类工厂中 CLSID 为 {F6C2EA3D-2A5A-4B63-AFDB-5E24BD1D39A0} 的组件失败，原因是出现以下错误: 8007007e 找不到指定的模块。 (异常来自 HRESULT:0x8007007E)。
   在 System.RuntimeTypeHandle.CreateInstance(RuntimeType type, Boolean publicOnly, Boolean noCheck, Boolean& canBeCached, RuntimeMethodHandleInternal& ctor, Boolean& bNeedSecurityCheck)
   在 System.RuntimeType.CreateInstanceSlow(Boolean publicOnly, Boolean skipCheckThis, Boolean fillCache, StackCrawlMark& stackMark)
   在 System.RuntimeType.CreateInstanceDefaultCtor(Boolean publicOnly, Boolean skipCheckThis, Boolean fillCache, StackCrawlMark& stackMark)
   在 System.Activator.CreateInstance(Type type, Boolean nonPublic)
   在 System.Activator.CreateInstance(Type type)
   在 LwSoft.Lwsoft3..ctor() 位置 C:\Users\Administrator\Desktop\Project\WxTools\LwSoft\Lwsoft3.cs:行号 56
   在 WxTools.Client.LwFactory.GetLw(Int32 i) 位置 C:\Users\Administrator\Desktop\Project\WxTools\WxTools.Client\LwFactory.cs:行号 18
   在 WxTools.Client.LwFactory.get_Default() 位置 C:\Users\Administrator\Desktop\Project\WxTools\WxTools.Client\LwFactory.cs:行号 12
   在 WxTools.Client.Dal.TcpClientDal.<Connect>b__11_0() 位置 C:\Users\Administrator\Desktop\Project\WxTools\WxTools.Client\Dal\TcpClientDal.cs:行号 68
2017-10-16 20:31:01,347 [5] WARN  WxTools.Client.Dal.TcpClientDal - 尝试登陆
 WxTools.Client.Dal.TcpClientDalnameSystem.IO.FileNotFoundException: 检索 COM 类工厂中 CLSID 为 {F6C2EA3D-2A5A-4B63-AFDB-5E24BD1D39A0} 的组件失败，原因是出现以下错误: 8007007e 找不到指定的模块。 (异常来自 HRESULT:0x8007007E)。
   在 System.RuntimeTypeHandle.CreateInstance(RuntimeType type, Boolean publicOnly, Boolean noCheck, Boolean& canBeCached, RuntimeMethodHandleInternal& ctor, Boolean& bNeedSecurityCheck)
   在 System.RuntimeType.CreateInstanceSlow(Boolean publicOnly, Boolean skipCheckThis, Boolean fillCache, StackCrawlMark& stackMark)
   在 System.RuntimeType.CreateInstanceDefaultCtor(Boolean publicOnly, Boolean skipCheckThis, Boolean fillCache, StackCrawlMark& stackMark)
   在 System.Activator.CreateInstance(Type type, Boolean nonPublic)
   在 System.Activator.CreateInstance(Type type)
   在 LwSoft.Lwsoft3..ctor() 位置 C:\Users\Administrator\Desktop\Project\WxTools\LwSoft\Lwsoft3.cs:行号 56
   在 WxTools.Client.LwFactory.GetLw(Int32 i) 位置 C:\Users\Administrator\Desktop\Project\WxTools\WxTools.Client\LwFactory.cs:行号 18
   在 WxTools.Client.LwFactory.get_Default() 位置 C:\Users\Administrator\Desktop\Project\WxTools\WxTools.Client\LwFactory.cs:行号 12
   在 WxTools.Client.Dal.TcpClientDal.<Connect>b__11_0() 位置 C:\Users\Administrator\Desktop\Project\WxTools\WxTools.Client\Dal\TcpClientDal.cs:行号 68
2017-10-16 20:31:03,356 [5] WARN  WxTools.Client.Dal.TcpClientDal - 尝试登陆
 WxTools.Client.Dal.TcpClientDalnameSystem.IO.FileNotFoundException: 检索 COM 类工厂中 CLSID 为 {F6C2EA3D-2A5A-4B63-AFDB-5E24BD1D39A0} 的组件失败，原因是出现以下错误: 8007007e 找不到指定的模块。 (异常来自 HRESULT:0x8007007E)。
   在 System.RuntimeTypeHandle.CreateInstance(RuntimeType type, Boolean publicOnly, Boolean noCheck, Boolean& canBeCached, RuntimeMethodHandleInternal& ctor, Boolean& bNeedSecurityCheck)
   在 System.RuntimeType.CreateInstanceSlow(Boolean publicOnly, Boolean skipCheckThis, Boolean fillCache, StackCrawlMark& stackMark)
   在 System.RuntimeType.CreateInstanceDefaultCtor(Boolean publicOnly, Boolean skipCheckThis, Boolean fillCache, StackCrawlMark& stackMark)
   在 System.Activator.CreateInstance(Type type, Boolean nonPublic)
   在 System.Activator.CreateInstance(Type type)
   在 LwSoft.Lwsoft3..ctor() 位置 C:\Users\Administrator\Desktop\Project\WxTools\LwSoft\Lwsoft3.cs:行号 56
   在 WxTools.Client.LwFactory.GetLw(Int32 i) 位置 C:\Users\Administrator\Desktop\Project\WxTools\WxTools.Client\LwFactory.cs:行号 18
   在 WxTools.Client.LwFactory.get_Default() 位置 C:\Users\Administrator\Desktop\Project\WxTools\WxTools.Client\LwFactory.cs:行号 12
   在 WxTools.Client.Dal.TcpClientDal.<Connect>b__11_0() 位置 C:\Users\Administrator\Desktop\Project\WxTools\WxTools.Client\Dal\TcpClientDal.cs:行号 68
2017-10-16 20:31:05,367 [5] WARN  WxTools.Client.Dal.TcpClientDal - 尝试登陆
 WxTools.Client.Dal.TcpClientDalnameSystem.IO.FileNotFoundException: 检索 COM 类工厂中 CLSID 为 {F6C2EA3D-2A5A-4B63-AFDB-5E24BD1D39A0} 的组件失败，原因是出现以下错误: 8007007e 找不到指定的模块。 (异常来自 HRESULT:0x8007007E)。
   在 System.RuntimeTypeHandle.CreateInstance(RuntimeType type, Boolean publicOnly, Boolean noCheck, Boolean& canBeCached, RuntimeMethodHandleInternal& ctor, Boolean& bNeedSecurityCheck)
   在 System.RuntimeType.CreateInstanceSlow(Boolean publicOnly, Boolean skipCheckThis, Boolean fillCache, StackCrawlMark& stackMark)
   在 System.RuntimeType.CreateInstanceDefaultCtor(Boolean publicOnly, Boolean skipCheckThis, Boolean fillCache, StackCrawlMark& stackMark)
   在 System.Activator.CreateInstance(Type type, Boolean nonPublic)
   在 System.Activator.CreateInstance(Type type)
   在 LwSoft.Lwsoft3..ctor() 位置 C:\Users\Administrator\Desktop\Project\WxTools\LwSoft\Lwsoft3.cs:行号 56
   在 WxTools.Client.LwFactory.GetLw(Int32 i) 位置 C:\Users\Administrator\Desktop\Project\WxTools\WxTools.Client\LwFactory.cs:行号 18
   在 WxTools.Client.LwFactory.get_Default() 位置 C:\Users\Administrator\Desktop\Project\WxTools\WxTools.Client\LwFactory.cs:行号 12
   在 WxTools.Client.Dal.TcpClientDal.<Connect>b__11_0() 位置 C:\Users\Administrator\Desktop\Project\WxTools\WxTools.Client\Dal\TcpClientDal.cs:行号 68
2017-10-16 20:31:07,378 [5] WARN  WxTools.Client.Dal.TcpClientDal - 尝试登陆
 WxTools.Client.Dal.TcpClientDalnameSystem.IO.FileNotFoundException: 检索 COM 类工厂中 CLSID 为 {F6C2EA3D-2A5A-4B63-AFDB-5E24BD1D39A0} 的组件失败，原因是出现以下错误: 8007007e 找不到指定的模块。 (异常来自 HRESULT:0x8007007E)。
   在 System.RuntimeTypeHandle.CreateInstance(RuntimeType type, Boolean publicOnly, Boolean noCheck, Boolean& canBeCached, RuntimeMethodHandleInternal& ctor, Boolean& bNeedSecurityCheck)
   在 System.RuntimeType.CreateInstanceSlow(Boolean publicOnly, Boolean skipCheckThis, Boolean fillCache, StackCrawlMark& stackMark)
   在 System.RuntimeType.CreateInstanceDefaultCtor(Boolean publicOnly, Boolean skipCheckThis, Boolean fillCache, StackCrawlMark& stackMark)
   在 System.Activator.CreateInstance(Type type, Boolean nonPublic)
   在 System.Activator.CreateInstance(Type type)
   在 LwSoft.Lwsoft3..ctor() 位置 C:\Users\Administrator\Desktop\Project\WxTools\LwSoft\Lwsoft3.cs:行号 56
   在 WxTools.Client.LwFactory.GetLw(Int32 i) 位置 C:\Users\Administrator\Desktop\Project\WxTools\WxTools.Client\LwFactory.cs:行号 18
   在 WxTools.Client.LwFactory.get_Default() 位置 C:\Users\Administrator\Desktop\Project\WxTools\WxTools.Client\LwFactory.cs:行号 12
   在 WxTools.Client.Dal.TcpClientDal.<Connect>b__11_0() 位置 C:\Users\Administrator\Desktop\Project\WxTools\WxTools.Client\Dal\TcpClientDal.cs:行号 68
2017-10-16 20:31:09,387 [5] WARN  WxTools.Client.Dal.TcpClientDal - 尝试登陆
 WxTools.Client.Dal.TcpClientDalnameSystem.IO.FileNotFoundException: 检索 COM 类工厂中 CLSID 为 {F6C2EA3D-2A5A-4B63-AFDB-5E24BD1D39A0} 的组件失败，原因是出现以下错误: 8007007e 找不到指定的模块。 (异常来自 HRESULT:0x8007007E)。
   在 System.RuntimeTypeHandle.CreateInstance(RuntimeType type, Boolean publicOnly, Boolean noCheck, Boolean& canBeCached, RuntimeMethodHandleInternal& ctor, Boolean& bNeedSecurityCheck)
   在 System.RuntimeType.CreateInstanceSlow(Boolean publicOnly, Boolean skipCheckThis, Boolean fillCache, StackCrawlMark& stackMark)
   在 System.RuntimeType.CreateInstanceDefaultCtor(Boolean publicOnly, Boolean skipCheckThis, Boolean fillCache, StackCrawlMark& stackMark)
   在 System.Activator.CreateInstance(Type type, Boolean nonPublic)
   在 System.Activator.CreateInstance(Type type)
   在 LwSoft.Lwsoft3..ctor() 位置 C:\Users\Administrator\Desktop\Project\WxTools\LwSoft\Lwsoft3.cs:行号 56
   在 WxTools.Client.LwFactory.GetLw(Int32 i) 位置 C:\Users\Administrator\Desktop\Project\WxTools\WxTools.Client\LwFactory.cs:行号 18
   在 WxTools.Client.LwFactory.get_Default() 位置 C:\Users\Administrator\Desktop\Project\WxTools\WxTools.Client\LwFactory.cs:行号 12
   在 WxTools.Client.Dal.TcpClientDal.<Connect>b__11_0() 位置 C:\Users\Administrator\Desktop\Project\WxTools\WxTools.Client\Dal\TcpClientDal.cs:行号 68
2017-10-16 20:31:11,396 [5] WARN  WxTools.Client.Dal.TcpClientDal - 尝试登陆
 WxTools.Client.Dal.TcpClientDalnameSystem.IO.FileNotFoundException: 检索 COM 类工厂中 CLSID 为 {F6C2EA3D-2A5A-4B63-AFDB-5E24BD1D39A0} 的组件失败，原因是出现以下错误: 8007007e 找不到指定的模块。 (异常来自 HRESULT:0x8007007E)。
   在 System.RuntimeTypeHandle.CreateInstance(RuntimeType type, Boolean publicOnly, Boolean noCheck, Boolean& canBeCached, RuntimeMethodHandleInternal& ctor, Boolean& bNeedSecurityCheck)
   在 System.RuntimeType.CreateInstanceSlow(Boolean publicOnly, Boolean skipCheckThis, Boolean fillCache, StackCrawlMark& stackMark)
   在 System.RuntimeType.CreateInstanceDefaultCtor(Boolean publicOnly, Boolean skipCheckThis, Boolean fillCache, StackCrawlMark& stackMark)
   在 System.Activator.CreateInstance(Type type, Boolean nonPublic)
   在 System.Activator.CreateInstance(Type type)
   在 LwSoft.Lwsoft3..ctor() 位置 C:\Users\Administrator\Desktop\Project\WxTools\LwSoft\Lwsoft3.cs:行号 56
   在 WxTools.Client.LwFactory.GetLw(Int32 i) 位置 C:\Users\Administrator\Desktop\Project\WxTools\WxTools.Client\LwFactory.cs:行号 18
   在 WxTools.Client.LwFactory.get_Default() 位置 C:\Users\Administrator\Desktop\Project\WxTools\WxTools.Client\LwFactory.cs:行号 12
   在 WxTools.Client.Dal.TcpClientDal.<Connect>b__11_0() 位置 C:\Users\Administrator\Desktop\Project\WxTools\WxTools.Client\Dal\TcpClientDal.cs:行号 68
2017-10-16 20:31:13,405 [5] WARN  WxTools.Client.Dal.TcpClientDal - 尝试登陆
 WxTools.Client.Dal.TcpClientDalnameSystem.IO.FileNotFoundException: 检索 COM 类工厂中 CLSID 为 {F6C2EA3D-2A5A-4B63-AFDB-5E24BD1D39A0} 的组件失败，原因是出现以下错误: 8007007e 找不到指定的模块。 (异常来自 HRESULT:0x8007007E)。
   在 System.RuntimeTypeHandle.CreateInstance(RuntimeType type, Boolean publicOnly, Boolean noCheck, Boolean& canBeCached, RuntimeMethodHandleInternal& ctor, Boolean& bNeedSecurityCheck)
   在 System.RuntimeType.CreateInstanceSlow(Boolean publicOnly, Boolean skipCheckThis, Boolean fillCache, StackCrawlMark& stackMark)
   在 System.RuntimeType.CreateInstanceDefaultCtor(Boolean publicOnly, Boolean skipCheckThis, Boolean fillCache, StackCrawlMark& stackMark)
   在 System.Activator.CreateInstance(Type type, Boolean nonPublic)
   在 System.Activator.CreateInstance(Type type)
   在 LwSoft.Lwsoft3..ctor() 位置 C:\Users\Administrator\Desktop\Project\WxTools\LwSoft\Lwsoft3.cs:行号 56
   在 WxTools.Client.LwFactory.GetLw(Int32 i) 位置 C:\Users\Administrator\Desktop\Project\WxTools\WxTools.Client\LwFactory.cs:行号 18
   在 WxTools.Client.LwFactory.get_Default() 位置 C:\Users\Administrator\Desktop\Project\WxTools\WxTools.Client\LwFactory.cs:行号 12
   在 WxTools.Client.Dal.TcpClientDal.<Connect>b__11_0() 位置 C:\Users\Administrator\Desktop\Project\WxTools\WxTools.Client\Dal\TcpClientDal.cs:行号 68
2017-10-16 20:31:15,414 [5] WARN  WxTools.Client.Dal.TcpClientDal - 尝试登陆
 WxTools.Client.Dal.TcpClientDalnameSystem.IO.FileNotFoundException: 检索 COM 类工厂中 CLSID 为 {F6C2EA3D-2A5A-4B63-AFDB-5E24BD1D39A0} 的组件失败，原因是出现以下错误: 8007007e 找不到指定的模块。 (异常来自 HRESULT:0x8007007E)。
   在 System.RuntimeTypeHandle.CreateInstance(RuntimeType type, Boolean publicOnly, Boolean noCheck, Boolean& canBeCached, RuntimeMethodHandleInternal& ctor, Boolean& bNeedSecurityCheck)
   在 System.RuntimeType.CreateInstanceSlow(Boolean publicOnly, Boolean skipCheckThis, Boolean fillCache, StackCrawlMark& stackMark)
   在 System.RuntimeType.CreateInstanceDefaultCtor(Boolean publicOnly, Boolean skipCheckThis, Boolean fillCache, StackCrawlMark& stackMark)
   在 System.Activator.CreateInstance(Type type, Boolean nonPublic)
   在 System.Activator.CreateInstance(Type type)
   在 LwSoft.Lwsoft3..ctor() 位置 C:\Users\Administrator\Desktop\Project\WxTools\LwSoft\Lwsoft3.cs:行号 56
   在 WxTools.Client.LwFactory.GetLw(Int32 i) 位置 C:\Users\Administrator\Desktop\Project\WxTools\WxTools.Client\LwFactory.cs:行号 18
   在 WxTools.Client.LwFactory.get_Default() 位置 C:\Users\Administrator\Desktop\Project\WxTools\WxTools.Client\LwFactory.cs:行号 12
   在 WxTools.Client.Dal.TcpClientDal.<Connect>b__11_0() 位置 C:\Users\Administrator\Desktop\Project\WxTools\WxTools.Client\Dal\TcpClientDal.cs:行号 68
2017-10-16 20:31:17,426 [5] WARN  WxTools.Client.Dal.TcpClientDal - 尝试登陆
 WxTools.Client.Dal.TcpClientDalnameSystem.IO.FileNotFoundException: 检索 COM 类工厂中 CLSID 为 {F6C2EA3D-2A5A-4B63-AFDB-5E24BD1D39A0} 的组件失败，原因是出现以下错误: 8007007e 找不到指定的模块。 (异常来自 HRESULT:0x8007007E)。
   在 System.RuntimeTypeHandle.CreateInstance(RuntimeType type, Boolean publicOnly, Boolean noCheck, Boolean& canBeCached, RuntimeMethodHandleInternal& ctor, Boolean& bNeedSecurityCheck)
   在 System.RuntimeType.CreateInstanceSlow(Boolean publicOnly, Boolean skipCheckThis, Boolean fillCache, StackCrawlMark& stackMark)
   在 System.RuntimeType.CreateInstanceDefaultCtor(Boolean publicOnly, Boolean skipCheckThis, Boolean fillCache, StackCrawlMark& stackMark)
   在 System.Activator.CreateInstance(Type type, Boolean nonPublic)
   在 System.Activator.CreateInstance(Type type)
   在 LwSoft.Lwsoft3..ctor() 位置 C:\Users\Administrator\Desktop\Project\WxTools\LwSoft\Lwsoft3.cs:行号 56
   在 WxTools.Client.LwFactory.GetLw(Int32 i) 位置 C:\Users\Administrator\Desktop\Project\WxTools\WxTools.Client\LwFactory.cs:行号 18
   在 WxTools.Client.LwFactory.get_Default() 位置 C:\Users\Administrator\Desktop\Project\WxTools\WxTools.Client\LwFactory.cs:行号 12
   在 WxTools.Client.Dal.TcpClientDal.<Connect>b__11_0() 位置 C:\Users\Administrator\Desktop\Project\WxTools\WxTools.Client\Dal\TcpClientDal.cs:行号 68
2017-10-16 20:31:19,437 [5] WARN  WxTools.Client.Dal.TcpClientDal - 尝试登陆
 WxTools.Client.Dal.TcpClientDalnameSystem.IO.FileNotFoundException: 检索 COM 类工厂中 CLSID 为 {F6C2EA3D-2A5A-4B63-AFDB-5E24BD1D39A0} 的组件失败，原因是出现以下错误: 8007007e 找不到指定的模块。 (异常来自 HRESULT:0x8007007E)。
   在 System.RuntimeTypeHandle.CreateInstance(RuntimeType type, Boolean publicOnly, Boolean noCheck, Boolean& canBeCached, RuntimeMethodHandleInternal& ctor, Boolean& bNeedSecurityCheck)
   在 System.RuntimeType.CreateInstanceSlow(Boolean publicOnly, Boolean skipCheckThis, Boolean fillCache, StackCrawlMark& stackMark)
   在 System.RuntimeType.CreateInstanceDefaultCtor(Boolean publicOnly, Boolean skipCheckThis, Boolean fillCache, StackCrawlMark& stackMark)
   在 System.Activator.CreateInstance(Type type, Boolean nonPublic)
   在 System.Activator.CreateInstance(Type type)
   在 LwSoft.Lwsoft3..ctor() 位置 C:\Users\Administrator\Desktop\Project\WxTools\LwSoft\Lwsoft3.cs:行号 56
   在 WxTools.Client.LwFactory.GetLw(Int32 i) 位置 C:\Users\Administrator\Desktop\Project\WxTools\WxTools.Client\LwFactory.cs:行号 18
   在 WxTools.Client.LwFactory.get_Default() 位置 C:\Users\Administrator\Desktop\Project\WxTools\WxTools.Client\LwFactory.cs:行号 12
   在 WxTools.Client.Dal.TcpClientDal.<Connect>b__11_0() 位置 C:\Users\Administrator\Desktop\Project\WxTools\WxTools.Client\Dal\TcpClientDal.cs:行号 68
2017-10-16 20:31:21,467 [5] WARN  WxTools.Client.Dal.TcpClientDal - 尝试登陆
 WxTools.Client.Dal.TcpClientDalnameSystem.IO.FileNotFoundException: 检索 COM 类工厂中 CLSID 为 {F6C2EA3D-2A5A-4B63-AFDB-5E24BD1D39A0} 的组件失败，原因是出现以下错误: 8007007e 找不到指定的模块。 (异常来自 HRESULT:0x8007007E)。
   在 System.RuntimeTypeHandle.CreateInstance(RuntimeType type, Boolean publicOnly, Boolean noCheck, Boolean& canBeCached, RuntimeMethodHandleInternal& ctor, Boolean& bNeedSecurityCheck)
   在 System.RuntimeType.CreateInstanceSlow(Boolean publicOnly, Boolean skipCheckThis, Boolean fillCache, StackCrawlMark& stackMark)
   在 System.RuntimeType.CreateInstanceDefaultCtor(Boolean publicOnly, Boolean skipCheckThis, Boolean fillCache, StackCrawlMark& stackMark)
   在 System.Activator.CreateInstance(Type type, Boolean nonPublic)
   在 System.Activator.CreateInstance(Type type)
   在 LwSoft.Lwsoft3..ctor() 位置 C:\Users\Administrator\Desktop\Project\WxTools\LwSoft\Lwsoft3.cs:行号 56
   在 WxTools.Client.LwFactory.GetLw(Int32 i) 位置 C:\Users\Administrator\Desktop\Project\WxTools\WxTools.Client\LwFactory.cs:行号 18
   在 WxTools.Client.LwFactory.get_Default() 位置 C:\Users\Administrator\Desktop\Project\WxTools\WxTools.Client\LwFactory.cs:行号 12
   在 WxTools.Client.Dal.TcpClientDal.<Connect>b__11_0() 位置 C:\Users\Administrator\Desktop\Project\WxTools\WxTools.Client\Dal\TcpClientDal.cs:行号 68
2017-10-16 20:31:23,476 [5] WARN  WxTools.Client.Dal.TcpClientDal - 尝试登陆
 WxTools.Client.Dal.TcpClientDalnameSystem.IO.FileNotFoundException: 检索 COM 类工厂中 CLSID 为 {F6C2EA3D-2A5A-4B63-AFDB-5E24BD1D39A0} 的组件失败，原因是出现以下错误: 8007007e 找不到指定的模块。 (异常来自 HRESULT:0x8007007E)。
   在 System.RuntimeTypeHandle.CreateInstance(RuntimeType type, Boolean publicOnly, Boolean noCheck, Boolean& canBeCached, RuntimeMethodHandleInternal& ctor, Boolean& bNeedSecurityCheck)
   在 System.RuntimeType.CreateInstanceSlow(Boolean publicOnly, Boolean skipCheckThis, Boolean fillCache, StackCrawlMark& stackMark)
   在 System.RuntimeType.CreateInstanceDefaultCtor(Boolean publicOnly, Boolean skipCheckThis, Boolean fillCache, StackCrawlMark& stackMark)
   在 System.Activator.CreateInstance(Type type, Boolean nonPublic)
   在 System.Activator.CreateInstance(Type type)
   在 LwSoft.Lwsoft3..ctor() 位置 C:\Users\Administrator\Desktop\Project\WxTools\LwSoft\Lwsoft3.cs:行号 56
   在 WxTools.Client.LwFactory.GetLw(Int32 i) 位置 C:\Users\Administrator\Desktop\Project\WxTools\WxTools.Client\LwFactory.cs:行号 18
   在 WxTools.Client.LwFactory.get_Default() 位置 C:\Users\Administrator\Desktop\Project\WxTools\WxTools.Client\LwFactory.cs:行号 12
   在 WxTools.Client.Dal.TcpClientDal.<Connect>b__11_0() 位置 C:\Users\Administrator\Desktop\Project\WxTools\WxTools.Client\Dal\TcpClientDal.cs:行号 68
2017-10-16 20:31:25,484 [5] WARN  WxTools.Client.Dal.TcpClientDal - 尝试登陆
 WxTools.Client.Dal.TcpClientDalnameSystem.IO.FileNotFoundException: 检索 COM 类工厂中 CLSID 为 {F6C2EA3D-2A5A-4B63-AFDB-5E24BD1D39A0} 的组件失败，原因是出现以下错误: 8007007e 找不到指定的模块。 (异常来自 HRESULT:0x8007007E)。
   在 System.RuntimeTypeHandle.CreateInstance(RuntimeType type, Boolean publicOnly, Boolean noCheck, Boolean& canBeCached, RuntimeMethodHandleInternal& ctor, Boolean& bNeedSecurityCheck)
   在 System.RuntimeType.CreateInstanceSlow(Boolean publicOnly, Boolean skipCheckThis, Boolean fillCache, StackCrawlMark& stackMark)
   在 System.RuntimeType.CreateInstanceDefaultCtor(Boolean publicOnly, Boolean skipCheckThis, Boolean fillCache, StackCrawlMark& stackMark)
   在 System.Activator.CreateInstance(Type type, Boolean nonPublic)
   在 System.Activator.CreateInstance(Type type)
   在 LwSoft.Lwsoft3..ctor() 位置 C:\Users\Administrator\Desktop\Project\WxTools\LwSoft\Lwsoft3.cs:行号 56
   在 WxTools.Client.LwFactory.GetLw(Int32 i) 位置 C:\Users\Administrator\Desktop\Project\WxTools\WxTools.Client\LwFactory.cs:行号 18
   在 WxTools.Client.LwFactory.get_Default() 位置 C:\Users\Administrator\Desktop\Project\WxTools\WxTools.Client\LwFactory.cs:行号 12
   在 WxTools.Client.Dal.TcpClientDal.<Connect>b__11_0() 位置 C:\Users\Administrator\Desktop\Project\WxTools\WxTools.Client\Dal\TcpClientDal.cs:行号 68
2017-10-16 20:31:27,495 [5] WARN  WxTools.Client.Dal.TcpClientDal - 尝试登陆
 WxTools.Client.Dal.TcpClientDalnameSystem.IO.FileNotFoundException: 检索 COM 类工厂中 CLSID 为 {F6C2EA3D-2A5A-4B63-AFDB-5E24BD1D39A0} 的组件失败，原因是出现以下错误: 8007007e 找不到指定的模块。 (异常来自 HRESULT:0x8007007E)。
   在 System.RuntimeTypeHandle.CreateInstance(RuntimeType type, Boolean publicOnly, Boolean noCheck, Boolean& canBeCached, RuntimeMethodHandleInternal& ctor, Boolean& bNeedSecurityCheck)
   在 System.RuntimeType.CreateInstanceSlow(Boolean publicOnly, Boolean skipCheckThis, Boolean fillCache, StackCrawlMark& stackMark)
   在 System.RuntimeType.CreateInstanceDefaultCtor(Boolean publicOnly, Boolean skipCheckThis, Boolean fillCache, StackCrawlMark& stackMark)
   在 System.Activator.CreateInstance(Type type, Boolean nonPublic)
   在 System.Activator.CreateInstance(Type type)
   在 LwSoft.Lwsoft3..ctor() 位置 C:\Users\Administrator\Desktop\Project\WxTools\LwSoft\Lwsoft3.cs:行号 56
   在 WxTools.Client.LwFactory.GetLw(Int32 i) 位置 C:\Users\Administrator\Desktop\Project\WxTools\WxTools.Client\LwFactory.cs:行号 18
   在 WxTools.Client.LwFactory.get_Default() 位置 C:\Users\Administrator\Desktop\Project\WxTools\WxTools.Client\LwFactory.cs:行号 12
   在 WxTools.Client.Dal.TcpClientDal.<Connect>b__11_0() 位置 C:\Users\Administrator\Desktop\Project\WxTools\WxTools.Client\Dal\TcpClientDal.cs:行号 68
2017-10-16 20:31:29,503 [5] WARN  WxTools.Client.Dal.TcpClientDal - 尝试登陆
 WxTools.Client.Dal.TcpClientDalnameSystem.IO.FileNotFoundException: 检索 COM 类工厂中 CLSID 为 {F6C2EA3D-2A5A-4B63-AFDB-5E24BD1D39A0} 的组件失败，原因是出现以下错误: 8007007e 找不到指定的模块。 (异常来自 HRESULT:0x8007007E)。
   在 System.RuntimeTypeHandle.CreateInstance(RuntimeType type, Boolean publicOnly, Boolean noCheck, Boolean& canBeCached, RuntimeMethodHandleInternal& ctor, Boolean& bNeedSecurityCheck)
   在 System.RuntimeType.CreateInstanceSlow(Boolean publicOnly, Boolean skipCheckThis, Boolean fillCache, StackCrawlMark& stackMark)
   在 System.RuntimeType.CreateInstanceDefaultCtor(Boolean publicOnly, Boolean skipCheckThis, Boolean fillCache, StackCrawlMark& stackMark)
   在 System.Activator.CreateInstance(Type type, Boolean nonPublic)
   在 System.Activator.CreateInstance(Type type)
   在 LwSoft.Lwsoft3..ctor() 位置 C:\Users\Administrator\Desktop\Project\WxTools\LwSoft\Lwsoft3.cs:行号 56
   在 WxTools.Client.LwFactory.GetLw(Int32 i) 位置 C:\Users\Administrator\Desktop\Project\WxTools\WxTools.Client\LwFactory.cs:行号 18
   在 WxTools.Client.LwFactory.get_Default() 位置 C:\Users\Administrator\Desktop\Project\WxTools\WxTools.Client\LwFactory.cs:行号 12
   在 WxTools.Client.Dal.TcpClientDal.<Connect>b__11_0() 位置 C:\Users\Administrator\Desktop\Project\WxTools\WxTools.Client\Dal\TcpClientDal.cs:行号 68
2017-10-16 20:31:31,512 [5] WARN  WxTools.Client.Dal.TcpClientDal - 尝试登陆
 WxTools.Client.Dal.TcpClientDalnameSystem.IO.FileNotFoundException: 检索 COM 类工厂中 CLSID 为 {F6C2EA3D-2A5A-4B63-AFDB-5E24BD1D39A0} 的组件失败，原因是出现以下错误: 8007007e 找不到指定的模块。 (异常来自 HRESULT:0x8007007E)。
   在 System.RuntimeTypeHandle.CreateInstance(RuntimeType type, Boolean publicOnly, Boolean noCheck, Boolean& canBeCached, RuntimeMethodHandleInternal& ctor, Boolean& bNeedSecurityCheck)
   在 System.RuntimeType.CreateInstanceSlow(Boolean publicOnly, Boolean skipCheckThis, Boolean fillCache, StackCrawlMark& stackMark)
   在 System.RuntimeType.CreateInstanceDefaultCtor(Boolean publicOnly, Boolean skipCheckThis, Boolean fillCache, StackCrawlMark& stackMark)
   在 System.Activator.CreateInstance(Type type, Boolean nonPublic)
   在 System.Activator.CreateInstance(Type type)
   在 LwSoft.Lwsoft3..ctor() 位置 C:\Users\Administrator\Desktop\Project\WxTools\LwSoft\Lwsoft3.cs:行号 56
   在 WxTools.Client.LwFactory.GetLw(Int32 i) 位置 C:\Users\Administrator\Desktop\Project\WxTools\WxTools.Client\LwFactory.cs:行号 18
   在 WxTools.Client.LwFactory.get_Default() 位置 C:\Users\Administrator\Desktop\Project\WxTools\WxTools.Client\LwFactory.cs:行号 12
   在 WxTools.Client.Dal.TcpClientDal.<Connect>b__11_0() 位置 C:\Users\Administrator\Desktop\Project\WxTools\WxTools.Client\Dal\TcpClientDal.cs:行号 68
2017-10-16 20:31:33,521 [5] WARN  WxTools.Client.Dal.TcpClientDal - 尝试登陆
 WxTools.Client.Dal.TcpClientDalnameSystem.IO.FileNotFoundException: 检索 COM 类工厂中 CLSID 为 {F6C2EA3D-2A5A-4B63-AFDB-5E24BD1D39A0} 的组件失败，原因是出现以下错误: 8007007e 找不到指定的模块。 (异常来自 HRESULT:0x8007007E)。
   在 System.RuntimeTypeHandle.CreateInstance(RuntimeType type, Boolean publicOnly, Boolean noCheck, Boolean& canBeCached, RuntimeMethodHandleInternal& ctor, Boolean& bNeedSecurityCheck)
   在 System.RuntimeType.CreateInstanceSlow(Boolean publicOnly, Boolean skipCheckThis, Boolean fillCache, StackCrawlMark& stackMark)
   在 System.RuntimeType.CreateInstanceDefaultCtor(Boolean publicOnly, Boolean skipCheckThis, Boolean fillCache, StackCrawlMark& stackMark)
   在 System.Activator.CreateInstance(Type type, Boolean nonPublic)
   在 System.Activator.CreateInstance(Type type)
   在 LwSoft.Lwsoft3..ctor() 位置 C:\Users\Administrator\Desktop\Project\WxTools\LwSoft\Lwsoft3.cs:行号 56
   在 WxTools.Client.LwFactory.GetLw(Int32 i) 位置 C:\Users\Administrator\Desktop\Project\WxTools\WxTools.Client\LwFactory.cs:行号 18
   在 WxTools.Client.LwFactory.get_Default() 位置 C:\Users\Administrator\Desktop\Project\WxTools\WxTools.Client\LwFactory.cs:行号 12
   在 WxTools.Client.Dal.TcpClientDal.<Connect>b__11_0() 位置 C:\Users\Administrator\Desktop\Project\WxTools\WxTools.Client\Dal\TcpClientDal.cs:行号 68
2017-10-16 20:31:35,529 [5] WARN  WxTools.Client.Dal.TcpClientDal - 尝试登陆
 WxTools.Client.Dal.TcpClientDalnameSystem.IO.FileNotFoundException: 检索 COM 类工厂中 CLSID 为 {F6C2EA3D-2A5A-4B63-AFDB-5E24BD1D39A0} 的组件失败，原因是出现以下错误: 8007007e 找不到指定的模块。 (异常来自 HRESULT:0x8007007E)。
   在 System.RuntimeTypeHandle.CreateInstance(RuntimeType type, Boolean publicOnly, Boolean noCheck, Boolean& canBeCached, RuntimeMethodHandleInternal& ctor, Boolean& bNeedSecurityCheck)
   在 System.RuntimeType.CreateInstanceSlow(Boolean publicOnly, Boolean skipCheckThis, Boolean fillCache, StackCrawlMark& stackMark)
   在 System.RuntimeType.CreateInstanceDefaultCtor(Boolean publicOnly, Boolean skipCheckThis, Boolean fillCache, StackCrawlMark& stackMark)
   在 System.Activator.CreateInstance(Type type, Boolean nonPublic)
   在 System.Activator.CreateInstance(Type type)
   在 LwSoft.Lwsoft3..ctor() 位置 C:\Users\Administrator\Desktop\Project\WxTools\LwSoft\Lwsoft3.cs:行号 56
   在 WxTools.Client.LwFactory.GetLw(Int32 i) 位置 C:\Users\Administrator\Desktop\Project\WxTools\WxTools.Client\LwFactory.cs:行号 18
   在 WxTools.Client.LwFactory.get_Default() 位置 C:\Users\Administrator\Desktop\Project\WxTools\WxTools.Client\LwFactory.cs:行号 12
   在 WxTools.Client.Dal.TcpClientDal.<Connect>b__11_0() 位置 C:\Users\Administrator\Desktop\Project\WxTools\WxTools.Client\Dal\TcpClientDal.cs:行号 68
2017-10-16 20:31:37,539 [5] WARN  WxTools.Client.Dal.TcpClientDal - 尝试登陆
 WxTools.Client.Dal.TcpClientDalnameSystem.IO.FileNotFoundException: 检索 COM 类工厂中 CLSID 为 {F6C2EA3D-2A5A-4B63-AFDB-5E24BD1D39A0} 的组件失败，原因是出现以下错误: 8007007e 找不到指定的模块。 (异常来自 HRESULT:0x8007007E)。
   在 System.RuntimeTypeHandle.CreateInstance(RuntimeType type, Boolean publicOnly, Boolean noCheck, Boolean& canBeCached, RuntimeMethodHandleInternal& ctor, Boolean& bNeedSecurityCheck)
   在 System.RuntimeType.CreateInstanceSlow(Boolean publicOnly, Boolean skipCheckThis, Boolean fillCache, StackCrawlMark& stackMark)
   在 System.RuntimeType.CreateInstanceDefaultCtor(Boolean publicOnly, Boolean skipCheckThis, Boolean fillCache, StackCrawlMark& stackMark)
   在 System.Activator.CreateInstance(Type type, Boolean nonPublic)
   在 System.Activator.CreateInstance(Type type)
   在 LwSoft.Lwsoft3..ctor() 位置 C:\Users\Administrator\Desktop\Project\WxTools\LwSoft\Lwsoft3.cs:行号 56
   在 WxTools.Client.LwFactory.GetLw(Int32 i) 位置 C:\Users\Administrator\Desktop\Project\WxTools\WxTools.Client\LwFactory.cs:行号 18
   在 WxTools.Client.LwFactory.get_Default() 位置 C:\Users\Administrator\Desktop\Project\WxTools\WxTools.Client\LwFactory.cs:行号 12
   在 WxTools.Client.Dal.TcpClientDal.<Connect>b__11_0() 位置 C:\Users\Administrator\Desktop\Project\WxTools\WxTools.Client\Dal\TcpClientDal.cs:行号 68
2017-10-16 20:31:39,548 [5] WARN  WxTools.Client.Dal.TcpClientDal - 尝试登陆
 WxTools.Client.Dal.TcpClientDalnameSystem.IO.FileNotFoundException: 检索 COM 类工厂中 CLSID 为 {F6C2EA3D-2A5A-4B63-AFDB-5E24BD1D39A0} 的组件失败，原因是出现以下错误: 8007007e 找不到指定的模块。 (异常来自 HRESULT:0x8007007E)。
   在 System.RuntimeTypeHandle.CreateInstance(RuntimeType type, Boolean publicOnly, Boolean noCheck, Boolean& canBeCached, RuntimeMethodHandleInternal& ctor, Boolean& bNeedSecurityCheck)
   在 System.RuntimeType.CreateInstanceSlow(Boolean publicOnly, Boolean skipCheckThis, Boolean fillCache, StackCrawlMark& stackMark)
   在 System.RuntimeType.CreateInstanceDefaultCtor(Boolean publicOnly, Boolean skipCheckThis, Boolean fillCache, StackCrawlMark& stackMark)
   在 System.Activator.CreateInstance(Type type, Boolean nonPublic)
   在 System.Activator.CreateInstance(Type type)
   在 LwSoft.Lwsoft3..ctor() 位置 C:\Users\Administrator\Desktop\Project\WxTools\LwSoft\Lwsoft3.cs:行号 56
   在 WxTools.Client.LwFactory.GetLw(Int32 i) 位置 C:\Users\Administrator\Desktop\Project\WxTools\WxTools.Client\LwFactory.cs:行号 18
   在 WxTools.Client.LwFactory.get_Default() 位置 C:\Users\Administrator\Desktop\Project\WxTools\WxTools.Client\LwFactory.cs:行号 12
   在 WxTools.Client.Dal.TcpClientDal.<Connect>b__11_0() 位置 C:\Users\Administrator\Desktop\Project\WxTools\WxTools.Client\Dal\TcpClientDal.cs:行号 68
2017-10-16 20:31:41,557 [5] WARN  WxTools.Client.Dal.TcpClientDal - 尝试登陆
 WxTools.Client.Dal.TcpClientDalnameSystem.IO.FileNotFoundException: 检索 COM 类工厂中 CLSID 为 {F6C2EA3D-2A5A-4B63-AFDB-5E24BD1D39A0} 的组件失败，原因是出现以下错误: 8007007e 找不到指定的模块。 (异常来自 HRESULT:0x8007007E)。
   在 System.RuntimeTypeHandle.CreateInstance(RuntimeType type, Boolean publicOnly, Boolean noCheck, Boolean& canBeCached, RuntimeMethodHandleInternal& ctor, Boolean& bNeedSecurityCheck)
   在 System.RuntimeType.CreateInstanceSlow(Boolean publicOnly, Boolean skipCheckThis, Boolean fillCache, StackCrawlMark& stackMark)
   在 System.RuntimeType.CreateInstanceDefaultCtor(Boolean publicOnly, Boolean skipCheckThis, Boolean fillCache, StackCrawlMark& stackMark)
   在 System.Activator.CreateInstance(Type type, Boolean nonPublic)
   在 System.Activator.CreateInstance(Type type)
   在 LwSoft.Lwsoft3..ctor() 位置 C:\Users\Administrator\Desktop\Project\WxTools\LwSoft\Lwsoft3.cs:行号 56
   在 WxTools.Client.LwFactory.GetLw(Int32 i) 位置 C:\Users\Administrator\Desktop\Project\WxTools\WxTools.Client\LwFactory.cs:行号 18
   在 WxTools.Client.LwFactory.get_Default() 位置 C:\Users\Administrator\Desktop\Project\WxTools\WxTools.Client\LwFactory.cs:行号 12
   在 WxTools.Client.Dal.TcpClientDal.<Connect>b__11_0() 位置 C:\Users\Administrator\Desktop\Project\WxTools\WxTools.Client\Dal\TcpClientDal.cs:行号 68
2017-10-16 20:31:43,565 [5] WARN  WxTools.Client.Dal.TcpClientDal - 尝试登陆
 WxTools.Client.Dal.TcpClientDalnameSystem.IO.FileNotFoundException: 检索 COM 类工厂中 CLSID 为 {F6C2EA3D-2A5A-4B63-AFDB-5E24BD1D39A0} 的组件失败，原因是出现以下错误: 8007007e 找不到指定的模块。 (异常来自 HRESULT:0x8007007E)。
   在 System.RuntimeTypeHandle.CreateInstance(RuntimeType type, Boolean publicOnly, Boolean noCheck, Boolean& canBeCached, RuntimeMethodHandleInternal& ctor, Boolean& bNeedSecurityCheck)
   在 System.RuntimeType.CreateInstanceSlow(Boolean publicOnly, Boolean skipCheckThis, Boolean fillCache, StackCrawlMark& stackMark)
   在 System.RuntimeType.CreateInstanceDefaultCtor(Boolean publicOnly, Boolean skipCheckThis, Boolean fillCache, StackCrawlMark& stackMark)
   在 System.Activator.CreateInstance(Type type, Boolean nonPublic)
   在 System.Activator.CreateInstance(Type type)
   在 LwSoft.Lwsoft3..ctor() 位置 C:\Users\Administrator\Desktop\Project\WxTools\LwSoft\Lwsoft3.cs:行号 56
   在 WxTools.Client.LwFactory.GetLw(Int32 i) 位置 C:\Users\Administrator\Desktop\Project\WxTools\WxTools.Client\LwFactory.cs:行号 18
   在 WxTools.Client.LwFactory.get_Default() 位置 C:\Users\Administrator\Desktop\Project\WxTools\WxTools.Client\LwFactory.cs:行号 12
   在 WxTools.Client.Dal.TcpClientDal.<Connect>b__11_0() 位置 C:\Users\Administrator\Desktop\Project\WxTools\WxTools.Client\Dal\TcpClientDal.cs:行号 68
2017-10-16 20:31:45,574 [5] WARN  WxTools.Client.Dal.TcpClientDal - 尝试登陆
 WxTools.Client.Dal.TcpClientDalnameSystem.IO.FileNotFoundException: 检索 COM 类工厂中 CLSID 为 {F6C2EA3D-2A5A-4B63-AFDB-5E24BD1D39A0} 的组件失败，原因是出现以下错误: 8007007e 找不到指定的模块。 (异常来自 HRESULT:0x8007007E)。
   在 System.RuntimeTypeHandle.CreateInstance(RuntimeType type, Boolean publicOnly, Boolean noCheck, Boolean& canBeCached, RuntimeMethodHandleInternal& ctor, Boolean& bNeedSecurityCheck)
   在 System.RuntimeType.CreateInstanceSlow(Boolean publicOnly, Boolean skipCheckThis, Boolean fillCache, StackCrawlMark& stackMark)
   在 System.RuntimeType.CreateInstanceDefaultCtor(Boolean publicOnly, Boolean skipCheckThis, Boolean fillCache, StackCrawlMark& stackMark)
   在 System.Activator.CreateInstance(Type type, Boolean nonPublic)
   在 System.Activator.CreateInstance(Type type)
   在 LwSoft.Lwsoft3..ctor() 位置 C:\Users\Administrator\Desktop\Project\WxTools\LwSoft\Lwsoft3.cs:行号 56
   在 WxTools.Client.LwFactory.GetLw(Int32 i) 位置 C:\Users\Administrator\Desktop\Project\WxTools\WxTools.Client\LwFactory.cs:行号 18
   在 WxTools.Client.LwFactory.get_Default() 位置 C:\Users\Administrator\Desktop\Project\WxTools\WxTools.Client\LwFactory.cs:行号 12
   在 WxTools.Client.Dal.TcpClientDal.<Connect>b__11_0() 位置 C:\Users\Administrator\Desktop\Project\WxTools\WxTools.Client\Dal\TcpClientDal.cs:行号 68
2017-10-16 20:31:47,584 [5] WARN  WxTools.Client.Dal.TcpClientDal - 尝试登陆
 WxTools.Client.Dal.TcpClientDalnameSystem.IO.FileNotFoundException: 检索 COM 类工厂中 CLSID 为 {F6C2EA3D-2A5A-4B63-AFDB-5E24BD1D39A0} 的组件失败，原因是出现以下错误: 8007007e 找不到指定的模块。 (异常来自 HRESULT:0x8007007E)。
   在 System.RuntimeTypeHandle.CreateInstance(RuntimeType type, Boolean publicOnly, Boolean noCheck, Boolean& canBeCached, RuntimeMethodHandleInternal& ctor, Boolean& bNeedSecurityCheck)
   在 System.RuntimeType.CreateInstanceSlow(Boolean publicOnly, Boolean skipCheckThis, Boolean fillCache, StackCrawlMark& stackMark)
   在 System.RuntimeType.CreateInstanceDefaultCtor(Boolean publicOnly, Boolean skipCheckThis, Boolean fillCache, StackCrawlMark& stackMark)
   在 System.Activator.CreateInstance(Type type, Boolean nonPublic)
   在 System.Activator.CreateInstance(Type type)
   在 LwSoft.Lwsoft3..ctor() 位置 C:\Users\Administrator\Desktop\Project\WxTools\LwSoft\Lwsoft3.cs:行号 56
   在 WxTools.Client.LwFactory.GetLw(Int32 i) 位置 C:\Users\Administrator\Desktop\Project\WxTools\WxTools.Client\LwFactory.cs:行号 18
   在 WxTools.Client.LwFactory.get_Default() 位置 C:\Users\Administrator\Desktop\Project\WxTools\WxTools.Client\LwFactory.cs:行号 12
   在 WxTools.Client.Dal.TcpClientDal.<Connect>b__11_0() 位置 C:\Users\Administrator\Desktop\Project\WxTools\WxTools.Client\Dal\TcpClientDal.cs:行号 68
2017-10-16 20:31:49,592 [5] WARN  WxTools.Client.Dal.TcpClientDal - 尝试登陆
 WxTools.Client.Dal.TcpClientDalnameSystem.IO.FileNotFoundException: 检索 COM 类工厂中 CLSID 为 {F6C2EA3D-2A5A-4B63-AFDB-5E24BD1D39A0} 的组件失败，原因是出现以下错误: 8007007e 找不到指定的模块。 (异常来自 HRESULT:0x8007007E)。
   在 System.RuntimeTypeHandle.CreateInstance(RuntimeType type, Boolean publicOnly, Boolean noCheck, Boolean& canBeCached, RuntimeMethodHandleInternal& ctor, Boolean& bNeedSecurityCheck)
   在 System.RuntimeType.CreateInstanceSlow(Boolean publicOnly, Boolean skipCheckThis, Boolean fillCache, StackCrawlMark& stackMark)
   在 System.RuntimeType.CreateInstanceDefaultCtor(Boolean publicOnly, Boolean skipCheckThis, Boolean fillCache, StackCrawlMark& stackMark)
   在 System.Activator.CreateInstance(Type type, Boolean nonPublic)
   在 System.Activator.CreateInstance(Type type)
   在 LwSoft.Lwsoft3..ctor() 位置 C:\Users\Administrator\Desktop\Project\WxTools\LwSoft\Lwsoft3.cs:行号 56
   在 WxTools.Client.LwFactory.GetLw(Int32 i) 位置 C:\Users\Administrator\Desktop\Project\WxTools\WxTools.Client\LwFactory.cs:行号 18
   在 WxTools.Client.LwFactory.get_Default() 位置 C:\Users\Administrator\Desktop\Project\WxTools\WxTools.Client\LwFactory.cs:行号 12
   在 WxTools.Client.Dal.TcpClientDal.<Connect>b__11_0() 位置 C:\Users\Administrator\Desktop\Project\WxTools\WxTools.Client\Dal\TcpClientDal.cs:行号 68
2017-10-16 20:31:51,601 [5] WARN  WxTools.Client.Dal.TcpClientDal - 尝试登陆
 WxTools.Client.Dal.TcpClientDalnameSystem.IO.FileNotFoundException: 检索 COM 类工厂中 CLSID 为 {F6C2EA3D-2A5A-4B63-AFDB-5E24BD1D39A0} 的组件失败，原因是出现以下错误: 8007007e 找不到指定的模块。 (异常来自 HRESULT:0x8007007E)。
   在 System.RuntimeTypeHandle.CreateInstance(RuntimeType type, Boolean publicOnly, Boolean noCheck, Boolean& canBeCached, RuntimeMethodHandleInternal& ctor, Boolean& bNeedSecurityCheck)
   在 System.RuntimeType.CreateInstanceSlow(Boolean publicOnly, Boolean skipCheckThis, Boolean fillCache, StackCrawlMark& stackMark)
   在 System.RuntimeType.CreateInstanceDefaultCtor(Boolean publicOnly, Boolean skipCheckThis, Boolean fillCache, StackCrawlMark& stackMark)
   在 System.Activator.CreateInstance(Type type, Boolean nonPublic)
   在 System.Activator.CreateInstance(Type type)
   在 LwSoft.Lwsoft3..ctor() 位置 C:\Users\Administrator\Desktop\Project\WxTools\LwSoft\Lwsoft3.cs:行号 56
   在 WxTools.Client.LwFactory.GetLw(Int32 i) 位置 C:\Users\Administrator\Desktop\Project\WxTools\WxTools.Client\LwFactory.cs:行号 18
   在 WxTools.Client.LwFactory.get_Default() 位置 C:\Users\Administrator\Desktop\Project\WxTools\WxTools.Client\LwFactory.cs:行号 12
   在 WxTools.Client.Dal.TcpClientDal.<Connect>b__11_0() 位置 C:\Users\Administrator\Desktop\Project\WxTools\WxTools.Client\Dal\TcpClientDal.cs:行号 68
2017-10-16 20:31:53,611 [5] WARN  WxTools.Client.Dal.TcpClientDal - 尝试登陆
 WxTools.Client.Dal.TcpClientDalnameSystem.IO.FileNotFoundException: 检索 COM 类工厂中 CLSID 为 {F6C2EA3D-2A5A-4B63-AFDB-5E24BD1D39A0} 的组件失败，原因是出现以下错误: 8007007e 找不到指定的模块。 (异常来自 HRESULT:0x8007007E)。
   在 System.RuntimeTypeHandle.CreateInstance(RuntimeType type, Boolean publicOnly, Boolean noCheck, Boolean& canBeCached, RuntimeMethodHandleInternal& ctor, Boolean& bNeedSecurityCheck)
   在 System.RuntimeType.CreateInstanceSlow(Boolean publicOnly, Boolean skipCheckThis, Boolean fillCache, StackCrawlMark& stackMark)
   在 System.RuntimeType.CreateInstanceDefaultCtor(Boolean publicOnly, Boolean skipCheckThis, Boolean fillCache, StackCrawlMark& stackMark)
   在 System.Activator.CreateInstance(Type type, Boolean nonPublic)
   在 System.Activator.CreateInstance(Type type)
   在 LwSoft.Lwsoft3..ctor() 位置 C:\Users\Administrator\Desktop\Project\WxTools\LwSoft\Lwsoft3.cs:行号 56
   在 WxTools.Client.LwFactory.GetLw(Int32 i) 位置 C:\Users\Administrator\Desktop\Project\WxTools\WxTools.Client\LwFactory.cs:行号 18
   在 WxTools.Client.LwFactory.get_Default() 位置 C:\Users\Administrator\Desktop\Project\WxTools\WxTools.Client\LwFactory.cs:行号 12
   在 WxTools.Client.Dal.TcpClientDal.<Connect>b__11_0() 位置 C:\Users\Administrator\Desktop\Project\WxTools\WxTools.Client\Dal\TcpClientDal.cs:行号 68
2017-10-16 20:31:55,622 [5] WARN  WxTools.Client.Dal.TcpClientDal - 尝试登陆
 WxTools.Client.Dal.TcpClientDalnameSystem.IO.FileNotFoundException: 检索 COM 类工厂中 CLSID 为 {F6C2EA3D-2A5A-4B63-AFDB-5E24BD1D39A0} 的组件失败，原因是出现以下错误: 8007007e 找不到指定的模块。 (异常来自 HRESULT:0x8007007E)。
   在 System.RuntimeTypeHandle.CreateInstance(RuntimeType type, Boolean publicOnly, Boolean noCheck, Boolean& canBeCached, RuntimeMethodHandleInternal& ctor, Boolean& bNeedSecurityCheck)
   在 System.RuntimeType.CreateInstanceSlow(Boolean publicOnly, Boolean skipCheckThis, Boolean fillCache, StackCrawlMark& stackMark)
   在 System.RuntimeType.CreateInstanceDefaultCtor(Boolean publicOnly, Boolean skipCheckThis, Boolean fillCache, StackCrawlMark& stackMark)
   在 System.Activator.CreateInstance(Type type, Boolean nonPublic)
   在 System.Activator.CreateInstance(Type type)
   在 LwSoft.Lwsoft3..ctor() 位置 C:\Users\Administrator\Desktop\Project\WxTools\LwSoft\Lwsoft3.cs:行号 56
   在 WxTools.Client.LwFactory.GetLw(Int32 i) 位置 C:\Users\Administrator\Desktop\Project\WxTools\WxTools.Client\LwFactory.cs:行号 18
   在 WxTools.Client.LwFactory.get_Default() 位置 C:\Users\Administrator\Desktop\Project\WxTools\WxTools.Client\LwFactory.cs:行号 12
   在 WxTools.Client.Dal.TcpClientDal.<Connect>b__11_0() 位置 C:\Users\Administrator\Desktop\Project\WxTools\WxTools.Client\Dal\TcpClientDal.cs:行号 68
2017-10-16 20:32:38,378 [检测状态线程] INFO  WxTools.Client.ViewModel.MainViewModel - 监测线程启动成功
 WxTools.Client.ViewModel.MainViewModelname2017-10-16 20:49:16,962 [检测状态线程] INFO  WxTools.Client.ViewModel.MainViewModel - 监测线程启动成功
 WxTools.Client.ViewModel.MainViewModelname2017-10-16 20:51:52,555 [6] INFO  WxTools.Client.Common - 进入自动更新
 WxTools.Client.Commonname2017-10-16 20:51:54,488 [检测状态线程] INFO  WxTools.Client.ViewModel.MainViewModel - 监测线程启动成功
 WxTools.Client.ViewModel.MainViewModelname2017-10-16 20:52:03,636 [检测状态线程] INFO  WxTools.Client.ViewModel.MainViewModel - 监测线程启动成功
 WxTools.Client.ViewModel.MainViewModelname