2017-10-08 16:29:48,228 [4] INFO  WxTools.Server.ViewModel.MainViewModel - 收到一条消息
 WxTools.Server.ViewModel.MainViewModelname2017-10-08 16:29:52,354 [4] INFO  WxTools.Server.ViewModel.MainViewModel - Login
 WxTools.Server.ViewModel.MainViewModelname2017-10-08 16:31:36,364 [1] ERROR WxTools.Client.App - System.InvalidOperationException: 无法对“WxTools.Server.ViewModel.MainViewModel”类型的只读属性“ClientInfos”进行 TwoWay 或 OneWayToSource 绑定。
   在 MS.Internal.Data.PropertyPathWorker.CheckReadOnly(Object item, Object info)
   在 MS.Internal.Data.PropertyPathWorker.ReplaceItem(Int32 k, Object newO, Object parent)
   在 MS.Internal.Data.PropertyPathWorker.UpdateSourceValueState(Int32 k, ICollectionView collectionView, Object newValue, Boolean isASubPropertyChange)
   在 MS.Internal.Data.ClrBindingWorker.AttachDataItem()
   在 System.Windows.Data.BindingExpression.Activate(Object item)
   在 System.Windows.Data.BindingExpression.AttachToContext(AttachAttempt attempt)
   在 System.Windows.Data.BindingExpression.MS.Internal.Data.IDataBindEngineClient.AttachToContext(Boolean lastChance)
   在 MS.Internal.Data.DataBindEngine.Task.Run(Boolean lastChance)
   在 MS.Internal.Data.DataBindEngine.Run(Object arg)
   在 MS.Internal.Data.DataBindEngine.OnLayoutUpdated(Object sender, EventArgs e)
   在 System.Windows.ContextLayoutManager.fireLayoutUpdateEvent()
   在 System.Windows.ContextLayoutManager.UpdateLayout()
   在 System.Windows.UIElement.UpdateLayout()
   在 System.Windows.Interop.HwndSource.SetLayoutSize()
   在 System.Windows.Interop.HwndSource.set_RootVisualInternal(Visual value)
   在 System.Windows.Interop.HwndSource.set_RootVisual(Visual value)
   在 System.Windows.Window.SetRootVisual()
   在 System.Windows.Window.SetRootVisualAndUpdateSTC()
   在 System.Windows.Window.SetupInitialState(Double requestedTop, Double requestedLeft, Double requestedWidth, Double requestedHeight)
   在 System.Windows.Window.CreateSourceWindow(Boolean duringShow)
   在 System.Windows.Window.CreateSourceWindowDuringShow()
   在 System.Windows.Window.SafeCreateWindowDuringShow()
   在 System.Windows.Window.ShowHelper(Object booleanBox)
   在 System.Windows.Threading.ExceptionWrapper.InternalRealCall(Delegate callback, Object args, Int32 numArgs)
   在 System.Windows.Threading.ExceptionWrapper.TryCatchWhen(Object source, Delegate callback, Object args, Int32 numArgs, Delegate catchHandler)
 WxTools.Client.Appname2017-10-08 16:31:39,296 [4] INFO  WxTools.Server.ViewModel.MainViewModel - 收到一条消息
 WxTools.Server.ViewModel.MainViewModelname2017-10-08 16:31:39,296 [4] INFO  WxTools.Server.ViewModel.MainViewModel - Login
 WxTools.Server.ViewModel.MainViewModelname2017-10-08 16:32:35,259 [1] ERROR WxTools.Client.App - System.InvalidOperationException: 无法对“WxTools.Server.ViewModel.MainViewModel”类型的只读属性“ClientInfos”进行 TwoWay 或 OneWayToSource 绑定。
   在 MS.Internal.Data.PropertyPathWorker.CheckReadOnly(Object item, Object info)
   在 MS.Internal.Data.PropertyPathWorker.ReplaceItem(Int32 k, Object newO, Object parent)
   在 MS.Internal.Data.PropertyPathWorker.UpdateSourceValueState(Int32 k, ICollectionView collectionView, Object newValue, Boolean isASubPropertyChange)
   在 MS.Internal.Data.ClrBindingWorker.AttachDataItem()
   在 System.Windows.Data.BindingExpression.Activate(Object item)
   在 System.Windows.Data.BindingExpression.AttachToContext(AttachAttempt attempt)
   在 System.Windows.Data.BindingExpression.MS.Internal.Data.IDataBindEngineClient.AttachToContext(Boolean lastChance)
   在 MS.Internal.Data.DataBindEngine.Task.Run(Boolean lastChance)
   在 MS.Internal.Data.DataBindEngine.Run(Object arg)
   在 MS.Internal.Data.DataBindEngine.OnLayoutUpdated(Object sender, EventArgs e)
   在 System.Windows.ContextLayoutManager.fireLayoutUpdateEvent()
   在 System.Windows.ContextLayoutManager.UpdateLayout()
   在 System.Windows.UIElement.UpdateLayout()
   在 System.Windows.Interop.HwndSource.SetLayoutSize()
   在 System.Windows.Interop.HwndSource.set_RootVisualInternal(Visual value)
   在 System.Windows.Interop.HwndSource.set_RootVisual(Visual value)
   在 System.Windows.Window.SetRootVisual()
   在 System.Windows.Window.SetRootVisualAndUpdateSTC()
   在 System.Windows.Window.SetupInitialState(Double requestedTop, Double requestedLeft, Double requestedWidth, Double requestedHeight)
   在 System.Windows.Window.CreateSourceWindow(Boolean duringShow)
   在 System.Windows.Window.CreateSourceWindowDuringShow()
   在 System.Windows.Window.SafeCreateWindowDuringShow()
   在 System.Windows.Window.ShowHelper(Object booleanBox)
   在 System.Windows.Threading.ExceptionWrapper.InternalRealCall(Delegate callback, Object args, Int32 numArgs)
   在 System.Windows.Threading.ExceptionWrapper.TryCatchWhen(Object source, Delegate callback, Object args, Int32 numArgs, Delegate catchHandler)
 WxTools.Client.Appname2017-10-08 16:32:37,916 [5] INFO  WxTools.Server.ViewModel.MainViewModel - 收到一条消息
 WxTools.Server.ViewModel.MainViewModelname2017-10-08 16:32:37,917 [5] INFO  WxTools.Server.ViewModel.MainViewModel - Login
 WxTools.Server.ViewModel.MainViewModelname2017-10-08 16:33:14,643 [4] INFO  WxTools.Server.ViewModel.MainViewModel - 收到一条消息
 WxTools.Server.ViewModel.MainViewModelname2017-10-08 16:33:14,659 [4] INFO  WxTools.Server.ViewModel.MainViewModel - Login
 WxTools.Server.ViewModel.MainViewModelname2017-10-08 16:33:14,692 [4] ERROR WxTools.Server.ViewModel.MainViewModel - System.NotSupportedException: 该类型的 CollectionView 不支持从调度程序线程以外的线程对其 SourceCollection 进行的更改。
   在 System.Windows.Data.CollectionView.OnCollectionChanged(Object sender, NotifyCollectionChangedEventArgs args)
   在 System.Collections.ObjectModel.ObservableCollection`1.OnCollectionChanged(NotifyCollectionChangedEventArgs e)
   在 System.Collections.ObjectModel.ObservableCollection`1.InsertItem(Int32 index, T item)
   在 System.Collections.ObjectModel.Collection`1.Add(T item)
   在 WxTools.Server.ViewModel.MainViewModel.Received(Object sender, Message msg) 位置 C:\Users\Administrator\Desktop\Project\WxTools\WxTools.Server\ViewModel\MainViewModel.cs:行号 70
 WxTools.Server.ViewModel.MainViewModelname2017-10-08 16:33:59,696 [5] INFO  WxTools.Server.ViewModel.MainViewModel - 收到一条消息
 WxTools.Server.ViewModel.MainViewModelname2017-10-08 16:33:59,711 [5] INFO  WxTools.Server.ViewModel.MainViewModel - Login
 WxTools.Server.ViewModel.MainViewModelname2017-10-08 16:34:22,297 [5] INFO  WxTools.Server.ViewModel.MainViewModel - 收到一条消息
 WxTools.Server.ViewModel.MainViewModelname2017-10-08 16:34:22,297 [5] INFO  WxTools.Server.ViewModel.MainViewModel - Logout
 WxTools.Server.ViewModel.MainViewModelname2017-10-08 16:34:31,826 [5] INFO  WxTools.Server.ViewModel.MainViewModel - 收到一条消息
 WxTools.Server.ViewModel.MainViewModelname2017-10-08 16:34:31,842 [5] INFO  WxTools.Server.ViewModel.MainViewModel - Login
 WxTools.Server.ViewModel.MainViewModelname2017-10-08 16:34:33,604 [5] INFO  WxTools.Server.ViewModel.MainViewModel - 收到一条消息
 WxTools.Server.ViewModel.MainViewModelname2017-10-08 16:34:33,604 [5] INFO  WxTools.Server.ViewModel.MainViewModel - Logout
 WxTools.Server.ViewModel.MainViewModelname2017-10-08 16:35:47,060 [6] INFO  WxTools.Server.ViewModel.MainViewModel - 收到一条消息
 WxTools.Server.ViewModel.MainViewModelname2017-10-08 16:35:47,078 [6] INFO  WxTools.Server.ViewModel.MainViewModel - Login
 WxTools.Server.ViewModel.MainViewModelname2017-10-08 16:35:48,484 [6] ERROR WxTools.Server.ViewModel.MainViewModel - Newtonsoft.Json.JsonReaderException: Additional text encountered after finished reading JSON content: {. Path '', line 1, position 176.
   在 Newtonsoft.Json.JsonTextReader.Read()
   在 Newtonsoft.Json.Serialization.JsonSerializerInternalReader.Deserialize(JsonReader reader, Type objectType, Boolean checkAdditionalContent)
   在 Newtonsoft.Json.JsonSerializer.DeserializeInternal(JsonReader reader, Type objectType)
   在 Newtonsoft.Json.JsonConvert.DeserializeObject(String value, Type type, JsonSerializerSettings settings)
   在 Newtonsoft.Json.JsonConvert.DeserializeObject[T](String value, JsonSerializerSettings settings)
   在 Newtonsoft.Json.JsonConvert.DeserializeObject[T](String value)
   在 WxTools.Server.ViewModel.MainViewModel.Received(Object sender, Message msg) 位置 C:\Users\Administrator\Desktop\Project\WxTools\WxTools.Server\ViewModel\MainViewModel.cs:行号 56
 WxTools.Server.ViewModel.MainViewModelname2017-10-08 16:36:27,794 [5] INFO  WxTools.Server.ViewModel.MainViewModel - 收到一条消息
 WxTools.Server.ViewModel.MainViewModelname2017-10-08 16:36:29,555 [5] INFO  WxTools.Server.ViewModel.MainViewModel - Login
 WxTools.Server.ViewModel.MainViewModelname2017-10-08 16:36:31,933 [5] ERROR WxTools.Server.ViewModel.MainViewModel - Newtonsoft.Json.JsonReaderException: Additional text encountered after finished reading JSON content: {. Path '', line 1, position 176.
   在 Newtonsoft.Json.JsonTextReader.Read()
   在 Newtonsoft.Json.Serialization.JsonSerializerInternalReader.Deserialize(JsonReader reader, Type objectType, Boolean checkAdditionalContent)
   在 Newtonsoft.Json.JsonSerializer.DeserializeInternal(JsonReader reader, Type objectType)
   在 Newtonsoft.Json.JsonConvert.DeserializeObject(String value, Type type, JsonSerializerSettings settings)
   在 Newtonsoft.Json.JsonConvert.DeserializeObject[T](String value, JsonSerializerSettings settings)
   在 Newtonsoft.Json.JsonConvert.DeserializeObject[T](String value)
   在 WxTools.Server.ViewModel.MainViewModel.Received(Object sender, Message msg) 位置 C:\Users\Administrator\Desktop\Project\WxTools\WxTools.Server\ViewModel\MainViewModel.cs:行号 56
 WxTools.Server.ViewModel.MainViewModelname2017-10-08 16:36:50,803 [7] INFO  WxTools.Server.ViewModel.MainViewModel - 收到一条消息
 WxTools.Server.ViewModel.MainViewModelname2017-10-08 16:36:50,817 [7] INFO  WxTools.Server.ViewModel.MainViewModel - Login
 WxTools.Server.ViewModel.MainViewModelname2017-10-08 16:37:33,204 [7] ERROR WxTools.Server.ViewModel.MainViewModel - Newtonsoft.Json.JsonReaderException: Additional text encountered after finished reading JSON content: {. Path '', line 1, position 176.
   在 Newtonsoft.Json.JsonTextReader.Read()
   在 Newtonsoft.Json.Serialization.JsonSerializerInternalReader.Deserialize(JsonReader reader, Type objectType, Boolean checkAdditionalContent)
   在 Newtonsoft.Json.JsonSerializer.DeserializeInternal(JsonReader reader, Type objectType)
   在 Newtonsoft.Json.JsonConvert.DeserializeObject(String value, Type type, JsonSerializerSettings settings)
   在 Newtonsoft.Json.JsonConvert.DeserializeObject[T](String value, JsonSerializerSettings settings)
   在 Newtonsoft.Json.JsonConvert.DeserializeObject[T](String value)
   在 WxTools.Server.ViewModel.MainViewModel.Received(Object sender, Message msg) 位置 C:\Users\Administrator\Desktop\Project\WxTools\WxTools.Server\ViewModel\MainViewModel.cs:行号 56
 WxTools.Server.ViewModel.MainViewModelname2017-10-08 16:39:23,741 [5] INFO  WxTools.Server.ViewModel.MainViewModel - 收到一条消息
 WxTools.Server.ViewModel.MainViewModelname2017-10-08 16:39:23,759 [5] INFO  WxTools.Server.ViewModel.MainViewModel - Login
 WxTools.Server.ViewModel.MainViewModelname2017-10-08 16:39:39,085 [5] INFO  WxTools.Server.ViewModel.MainViewModel - 收到一条消息
 WxTools.Server.ViewModel.MainViewModelname2017-10-08 16:39:40,851 [5] INFO  WxTools.Server.ViewModel.MainViewModel - Logout
 WxTools.Server.ViewModel.MainViewModelname2017-10-08 16:39:48,219 [5] ERROR WxTools.Server.ViewModel.MainViewModel - System.NotSupportedException: 该类型的 CollectionView 不支持从调度程序线程以外的线程对其 SourceCollection 进行的更改。
   在 System.Windows.Data.CollectionView.OnCollectionChanged(Object sender, NotifyCollectionChangedEventArgs args)
   在 System.Collections.ObjectModel.ObservableCollection`1.OnCollectionChanged(NotifyCollectionChangedEventArgs e)
   在 System.Collections.ObjectModel.ObservableCollection`1.RemoveItem(Int32 index)
   在 System.Collections.ObjectModel.Collection`1.Remove(T item)
   在 WxTools.Server.ViewModel.MainViewModel.Received(Object sender, Message msg) 位置 C:\Users\Administrator\Desktop\Project\WxTools\WxTools.Server\ViewModel\MainViewModel.cs:行号 87
 WxTools.Server.ViewModel.MainViewModelname2017-10-08 16:39:52,585 [5] INFO  WxTools.Server.ViewModel.MainViewModel - 收到一条消息
 WxTools.Server.ViewModel.MainViewModelname2017-10-08 16:40:46,325 [5] INFO  WxTools.Server.ViewModel.MainViewModel - 收到一条消息
 WxTools.Server.ViewModel.MainViewModelname2017-10-08 16:40:46,340 [5] INFO  WxTools.Server.ViewModel.MainViewModel - Login
 WxTools.Server.ViewModel.MainViewModelname2017-10-08 16:40:53,547 [5] INFO  WxTools.Server.ViewModel.MainViewModel - 收到一条消息
 WxTools.Server.ViewModel.MainViewModelname2017-10-08 16:40:53,547 [5] INFO  WxTools.Server.ViewModel.MainViewModel - Logout
 WxTools.Server.ViewModel.MainViewModelname2017-10-08 16:51:12,825 [6] INFO  WxTools.Server.ViewModel.MainViewModel - 收到一条消息
 WxTools.Server.ViewModel.MainViewModelname2017-10-08 16:51:12,848 [6] INFO  WxTools.Server.ViewModel.MainViewModel - Login
 WxTools.Server.ViewModel.MainViewModelname2017-10-08 21:31:48,074 [4] INFO  WxTools.Server.ViewModel.MainViewModel - 收到一条消息
 WxTools.Server.ViewModel.MainViewModelname2017-10-08 21:31:48,091 [4] INFO  WxTools.Server.ViewModel.MainViewModel - Login
 WxTools.Server.ViewModel.MainViewModelname2017-10-08 21:36:06,016 [6] INFO  WxTools.Server.ViewModel.MainViewModel - 收到一条消息
 WxTools.Server.ViewModel.MainViewModelname2017-10-08 21:36:06,030 [6] INFO  WxTools.Server.ViewModel.MainViewModel - Login
 WxTools.Server.ViewModel.MainViewModelname2017-10-08 21:37:46,878 [6] INFO  WxTools.Server.ViewModel.MainViewModel - 收到一条消息
 WxTools.Server.ViewModel.MainViewModelname2017-10-08 21:37:46,878 [6] INFO  WxTools.Server.ViewModel.MainViewModel - Logout
 WxTools.Server.ViewModel.MainViewModelname2017-10-08 21:44:43,009 [5] INFO  WxTools.Server.ViewModel.MainViewModel - 收到一条消息
 WxTools.Server.ViewModel.MainViewModelname2017-10-08 21:44:43,023 [5] INFO  WxTools.Server.ViewModel.MainViewModel - Login
 WxTools.Server.ViewModel.MainViewModelname2017-10-08 21:45:47,193 [5] INFO  WxTools.Server.ViewModel.MainViewModel - 收到一条消息
 WxTools.Server.ViewModel.MainViewModelname2017-10-08 21:45:47,197 [5] INFO  WxTools.Server.ViewModel.MainViewModel - Log
 WxTools.Server.ViewModel.MainViewModelname2017-10-08 21:45:50,555 [5] INFO  WxTools.Server.ViewModel.MainViewModel - 收到一条消息
 WxTools.Server.ViewModel.MainViewModelname2017-10-08 21:45:50,559 [5] INFO  WxTools.Server.ViewModel.MainViewModel - Log
 WxTools.Server.ViewModel.MainViewModelname2017-10-08 22:15:18,476 [4] INFO  WxTools.Server.ViewModel.MainViewModel - 收到一条消息
 WxTools.Server.ViewModel.MainViewModelname2017-10-08 22:15:18,492 [4] INFO  WxTools.Server.ViewModel.MainViewModel - Login
 WxTools.Server.ViewModel.MainViewModelname2017-10-08 22:41:33,875 [4] INFO  WxTools.Server.ViewModel.MainViewModel - 收到一条消息
 WxTools.Server.ViewModel.MainViewModelname2017-10-08 22:41:33,890 [4] INFO  WxTools.Server.ViewModel.MainViewModel - Login
 WxTools.Server.ViewModel.MainViewModelname2017-10-08 22:43:00,403 [6] INFO  WxTools.Server.ViewModel.MainViewModel - 收到一条消息
 WxTools.Server.ViewModel.MainViewModelname2017-10-08 22:43:00,417 [6] INFO  WxTools.Server.ViewModel.MainViewModel - Login
 WxTools.Server.ViewModel.MainViewModelname2017-10-08 22:52:22,541 [4] INFO  WxTools.Server.Dal.TcpServerDal - Login
 WxTools.Server.Dal.TcpServerDalname2017-10-08 22:53:47,457 [5] INFO  WxTools.Server.Dal.TcpServerDal - Login
 WxTools.Server.Dal.TcpServerDalname2017-10-08 22:55:27,788 [5] INFO  WxTools.Server.Dal.TcpServerDal - Login
 WxTools.Server.Dal.TcpServerDalname2017-10-08 22:56:41,639 [7] INFO  WxTools.Server.Dal.TcpServerDal - Login
 WxTools.Server.Dal.TcpServerDalname2017-10-08 22:57:27,280 [4] INFO  WxTools.Server.Dal.TcpServerDal - Login
 WxTools.Server.Dal.TcpServerDalname2017-10-08 22:57:29,038 [4] INFO  WxTools.Server.Dal.TcpServerDal - Logout
 WxTools.Server.Dal.TcpServerDalname2017-10-08 22:59:25,666 [4] ERROR WxTools.Server.Dal.TcpServerDal - Newtonsoft.Json.JsonReaderException: Additional text encountered after finished reading JSON content: {. Path '', line 1, position 214.
   在 Newtonsoft.Json.JsonTextReader.Read()
   在 Newtonsoft.Json.Serialization.JsonSerializerInternalReader.Deserialize(JsonReader reader, Type objectType, Boolean checkAdditionalContent)
   在 Newtonsoft.Json.JsonSerializer.DeserializeInternal(JsonReader reader, Type objectType)
   在 Newtonsoft.Json.JsonConvert.DeserializeObject(String value, Type type, JsonSerializerSettings settings)
   在 Newtonsoft.Json.JsonConvert.DeserializeObject[T](String value, JsonSerializerSettings settings)
   在 Newtonsoft.Json.JsonConvert.DeserializeObject[T](String value)
   在 WxTools.Server.Dal.TcpServerDal.Received(Object sender, Message msg) 位置 C:\Users\Administrator\Desktop\Project\WxTools\WxTools.Server\Dal\TcpServerDal.cs:行号 75
 WxTools.Server.Dal.TcpServerDalname2017-10-08 23:00:13,983 [4] INFO  WxTools.Server.Dal.TcpServerDal - Login
 WxTools.Server.Dal.TcpServerDalname2017-10-08 23:00:17,749 [4] INFO  WxTools.Server.Dal.TcpServerDal - Log
 WxTools.Server.Dal.TcpServerDalname2017-10-08 23:02:22,859 [5] INFO  WxTools.Server.Dal.TcpServerDal - Login
 WxTools.Server.Dal.TcpServerDalname2017-10-08 23:03:13,754 [5] ERROR WxTools.Server.Dal.TcpServerDal - Newtonsoft.Json.JsonReaderException: Additional text encountered after finished reading JSON content: {. Path '', line 1, position 181.
   在 Newtonsoft.Json.JsonTextReader.Read()
   在 Newtonsoft.Json.Serialization.JsonSerializerInternalReader.Deserialize(JsonReader reader, Type objectType, Boolean checkAdditionalContent)
   在 Newtonsoft.Json.JsonSerializer.DeserializeInternal(JsonReader reader, Type objectType)
   在 Newtonsoft.Json.JsonConvert.DeserializeObject(String value, Type type, JsonSerializerSettings settings)
   在 Newtonsoft.Json.JsonConvert.DeserializeObject[T](String value, JsonSerializerSettings settings)
   在 Newtonsoft.Json.JsonConvert.DeserializeObject[T](String value)
   在 WxTools.Server.Dal.TcpServerDal.Received(Object sender, Message msg) 位置 C:\Users\Administrator\Desktop\Project\WxTools\WxTools.Server\Dal\TcpServerDal.cs:行号 75
 WxTools.Server.Dal.TcpServerDalname2017-10-08 23:03:24,924 [5] ERROR WxTools.Server.Dal.TcpServerDal - Newtonsoft.Json.JsonReaderException: Additional text encountered after finished reading JSON content: {. Path '', line 1, position 181.
   在 Newtonsoft.Json.JsonTextReader.Read()
   在 Newtonsoft.Json.Serialization.JsonSerializerInternalReader.Deserialize(JsonReader reader, Type objectType, Boolean checkAdditionalContent)
   在 Newtonsoft.Json.JsonSerializer.DeserializeInternal(JsonReader reader, Type objectType)
   在 Newtonsoft.Json.JsonConvert.DeserializeObject(String value, Type type, JsonSerializerSettings settings)
   在 Newtonsoft.Json.JsonConvert.DeserializeObject[T](String value, JsonSerializerSettings settings)
   在 Newtonsoft.Json.JsonConvert.DeserializeObject[T](String value)
   在 WxTools.Server.Dal.TcpServerDal.Received(Object sender, Message msg) 位置 C:\Users\Administrator\Desktop\Project\WxTools\WxTools.Server\Dal\TcpServerDal.cs:行号 75
 WxTools.Server.Dal.TcpServerDalname2017-10-08 23:03:28,971 [5] INFO  WxTools.Server.Dal.TcpServerDal - Logout
 WxTools.Server.Dal.TcpServerDalname2017-10-08 23:03:52,310 [6] INFO  WxTools.Server.Dal.TcpServerDal - Login
 WxTools.Server.Dal.TcpServerDalname2017-10-08 23:04:00,442 [6] INFO  WxTools.Server.Dal.TcpServerDal - Logout
 WxTools.Server.Dal.TcpServerDalname2017-10-08 23:04:31,828 [4] INFO  WxTools.Server.Dal.TcpServerDal - Login
 WxTools.Server.Dal.TcpServerDalname2017-10-08 23:05:37,750 [4] ERROR WxTools.Server.Dal.TcpServerDal - Newtonsoft.Json.JsonReaderException: Additional text encountered after finished reading JSON content: {. Path '', line 1, position 285.
   在 Newtonsoft.Json.JsonTextReader.Read()
   在 Newtonsoft.Json.Serialization.JsonSerializerInternalReader.Deserialize(JsonReader reader, Type objectType, Boolean checkAdditionalContent)
   在 Newtonsoft.Json.JsonSerializer.DeserializeInternal(JsonReader reader, Type objectType)
   在 Newtonsoft.Json.JsonConvert.DeserializeObject(String value, Type type, JsonSerializerSettings settings)
   在 Newtonsoft.Json.JsonConvert.DeserializeObject[T](String value, JsonSerializerSettings settings)
   在 Newtonsoft.Json.JsonConvert.DeserializeObject[T](String value)
   在 WxTools.Server.Dal.TcpServerDal.Received(Object sender, Message msg) 位置 C:\Users\Administrator\Desktop\Project\WxTools\WxTools.Server\Dal\TcpServerDal.cs:行号 75
 WxTools.Server.Dal.TcpServerDalname2017-10-08 23:07:23,393 [4] INFO  WxTools.Server.Dal.TcpServerDal - Login
 WxTools.Server.Dal.TcpServerDalname2017-10-08 23:07:27,304 [4] INFO  WxTools.Server.Dal.TcpServerDal - Logout
 WxTools.Server.Dal.TcpServerDalname2017-10-08 23:07:37,101 [5] INFO  WxTools.Server.Dal.TcpServerDal - Login
 WxTools.Server.Dal.TcpServerDalname2017-10-08 23:08:09,145 [5] INFO  WxTools.Server.Dal.TcpServerDal - Login
 WxTools.Server.Dal.TcpServerDalname2017-10-08 23:09:13,724 [5] ERROR WxTools.Server.Dal.TcpServerDal - Newtonsoft.Json.JsonReaderException: Additional text encountered after finished reading JSON content: {. Path '', line 1, position 145.
   在 Newtonsoft.Json.JsonTextReader.Read()
   在 Newtonsoft.Json.Serialization.JsonSerializerInternalReader.Deserialize(JsonReader reader, Type objectType, Boolean checkAdditionalContent)
   在 Newtonsoft.Json.JsonSerializer.DeserializeInternal(JsonReader reader, Type objectType)
   在 Newtonsoft.Json.JsonConvert.DeserializeObject(String value, Type type, JsonSerializerSettings settings)
   在 Newtonsoft.Json.JsonConvert.DeserializeObject[T](String value, JsonSerializerSettings settings)
   在 Newtonsoft.Json.JsonConvert.DeserializeObject[T](String value)
   在 WxTools.Server.Dal.TcpServerDal.Received(Object sender, Message msg) 位置 C:\Users\Administrator\Desktop\Project\WxTools\WxTools.Server\Dal\TcpServerDal.cs:行号 75
 WxTools.Server.Dal.TcpServerDalname2017-10-08 23:09:32,892 [4] INFO  WxTools.Server.Dal.TcpServerDal - Login
 WxTools.Server.Dal.TcpServerDalname2017-10-08 23:09:39,294 [4] ERROR WxTools.Server.Dal.TcpServerDal - Newtonsoft.Json.JsonReaderException: Additional text encountered after finished reading JSON content: {. Path '', line 1, position 145.
   在 Newtonsoft.Json.JsonTextReader.Read()
   在 Newtonsoft.Json.Serialization.JsonSerializerInternalReader.Deserialize(JsonReader reader, Type objectType, Boolean checkAdditionalContent)
   在 Newtonsoft.Json.JsonSerializer.DeserializeInternal(JsonReader reader, Type objectType)
   在 Newtonsoft.Json.JsonConvert.DeserializeObject(String value, Type type, JsonSerializerSettings settings)
   在 Newtonsoft.Json.JsonConvert.DeserializeObject[T](String value, JsonSerializerSettings settings)
   在 Newtonsoft.Json.JsonConvert.DeserializeObject[T](String value)
   在 WxTools.Server.Dal.TcpServerDal.Received(Object sender, Message msg) 位置 C:\Users\Administrator\Desktop\Project\WxTools\WxTools.Server\Dal\TcpServerDal.cs:行号 75
 WxTools.Server.Dal.TcpServerDalname2017-10-08 23:10:03,299 [7] INFO  WxTools.Server.Dal.TcpServerDal - Login
 WxTools.Server.Dal.TcpServerDalname2017-10-08 23:10:07,000 [7] INFO  WxTools.Server.Dal.TcpServerDal - Login
 WxTools.Server.Dal.TcpServerDalname2017-10-08 23:10:13,305 [7] ERROR WxTools.Server.Dal.TcpServerDal - Newtonsoft.Json.JsonReaderException: Additional text encountered after finished reading JSON content: {. Path '', line 1, position 145.
   在 Newtonsoft.Json.JsonTextReader.Read()
   在 Newtonsoft.Json.Serialization.JsonSerializerInternalReader.Deserialize(JsonReader reader, Type objectType, Boolean checkAdditionalContent)
   在 Newtonsoft.Json.JsonSerializer.DeserializeInternal(JsonReader reader, Type objectType)
   在 Newtonsoft.Json.JsonConvert.DeserializeObject(String value, Type type, JsonSerializerSettings settings)
   在 Newtonsoft.Json.JsonConvert.DeserializeObject[T](String value, JsonSerializerSettings settings)
   在 Newtonsoft.Json.JsonConvert.DeserializeObject[T](String value)
   在 WxTools.Server.Dal.TcpServerDal.Received(Object sender, Message msg) 位置 C:\Users\Administrator\Desktop\Project\WxTools\WxTools.Server\Dal\TcpServerDal.cs:行号 75
 WxTools.Server.Dal.TcpServerDalname2017-10-08 23:10:17,778 [7] ERROR WxTools.Server.Dal.TcpServerDal - Newtonsoft.Json.JsonReaderException: Additional text encountered after finished reading JSON content: {. Path '', line 1, position 161.
   在 Newtonsoft.Json.JsonTextReader.Read()
   在 Newtonsoft.Json.Serialization.JsonSerializerInternalReader.Deserialize(JsonReader reader, Type objectType, Boolean checkAdditionalContent)
   在 Newtonsoft.Json.JsonSerializer.DeserializeInternal(JsonReader reader, Type objectType)
   在 Newtonsoft.Json.JsonConvert.DeserializeObject(String value, Type type, JsonSerializerSettings settings)
   在 Newtonsoft.Json.JsonConvert.DeserializeObject[T](String value, JsonSerializerSettings settings)
   在 Newtonsoft.Json.JsonConvert.DeserializeObject[T](String value)
   在 WxTools.Server.Dal.TcpServerDal.Received(Object sender, Message msg) 位置 C:\Users\Administrator\Desktop\Project\WxTools\WxTools.Server\Dal\TcpServerDal.cs:行号 75
 WxTools.Server.Dal.TcpServerDalname2017-10-08 23:10:19,786 [7] ERROR WxTools.Server.Dal.TcpServerDal - Newtonsoft.Json.JsonReaderException: Additional text encountered after finished reading JSON content: {. Path '', line 1, position 177.
   在 Newtonsoft.Json.JsonTextReader.Read()
   在 Newtonsoft.Json.Serialization.JsonSerializerInternalReader.Deserialize(JsonReader reader, Type objectType, Boolean checkAdditionalContent)
   在 Newtonsoft.Json.JsonSerializer.DeserializeInternal(JsonReader reader, Type objectType)
   在 Newtonsoft.Json.JsonConvert.DeserializeObject(String value, Type type, JsonSerializerSettings settings)
   在 Newtonsoft.Json.JsonConvert.DeserializeObject[T](String value, JsonSerializerSettings settings)
   在 Newtonsoft.Json.JsonConvert.DeserializeObject[T](String value)
   在 WxTools.Server.Dal.TcpServerDal.Received(Object sender, Message msg) 位置 C:\Users\Administrator\Desktop\Project\WxTools\WxTools.Server\Dal\TcpServerDal.cs:行号 75
 WxTools.Server.Dal.TcpServerDalname2017-10-08 23:10:21,788 [7] ERROR WxTools.Server.Dal.TcpServerDal - Newtonsoft.Json.JsonReaderException: Additional text encountered after finished reading JSON content: {. Path '', line 1, position 193.
   在 Newtonsoft.Json.JsonTextReader.Read()
   在 Newtonsoft.Json.Serialization.JsonSerializerInternalReader.Deserialize(JsonReader reader, Type objectType, Boolean checkAdditionalContent)
   在 Newtonsoft.Json.JsonSerializer.DeserializeInternal(JsonReader reader, Type objectType)
   在 Newtonsoft.Json.JsonConvert.DeserializeObject(String value, Type type, JsonSerializerSettings settings)
   在 Newtonsoft.Json.JsonConvert.DeserializeObject[T](String value, JsonSerializerSettings settings)
   在 Newtonsoft.Json.JsonConvert.DeserializeObject[T](String value)
   在 WxTools.Server.Dal.TcpServerDal.Received(Object sender, Message msg) 位置 C:\Users\Administrator\Desktop\Project\WxTools\WxTools.Server\Dal\TcpServerDal.cs:行号 75
 WxTools.Server.Dal.TcpServerDalname2017-10-08 23:10:23,816 [7] ERROR WxTools.Server.Dal.TcpServerDal - Newtonsoft.Json.JsonReaderException: Additional text encountered after finished reading JSON content: {. Path '', line 1, position 209.
   在 Newtonsoft.Json.JsonTextReader.Read()
   在 Newtonsoft.Json.Serialization.JsonSerializerInternalReader.Deserialize(JsonReader reader, Type objectType, Boolean checkAdditionalContent)
   在 Newtonsoft.Json.JsonSerializer.DeserializeInternal(JsonReader reader, Type objectType)
   在 Newtonsoft.Json.JsonConvert.DeserializeObject(String value, Type type, JsonSerializerSettings settings)
   在 Newtonsoft.Json.JsonConvert.DeserializeObject[T](String value, JsonSerializerSettings settings)
   在 Newtonsoft.Json.JsonConvert.DeserializeObject[T](String value)
   在 WxTools.Server.Dal.TcpServerDal.Received(Object sender, Message msg) 位置 C:\Users\Administrator\Desktop\Project\WxTools\WxTools.Server\Dal\TcpServerDal.cs:行号 75
 WxTools.Server.Dal.TcpServerDalname2017-10-08 23:10:27,799 [7] ERROR WxTools.Server.Dal.TcpServerDal - Newtonsoft.Json.JsonReaderException: Additional text encountered after finished reading JSON content: {. Path '', line 1, position 241.
   在 Newtonsoft.Json.JsonTextReader.Read()
   在 Newtonsoft.Json.Serialization.JsonSerializerInternalReader.Deserialize(JsonReader reader, Type objectType, Boolean checkAdditionalContent)
   在 Newtonsoft.Json.JsonSerializer.DeserializeInternal(JsonReader reader, Type objectType)
   在 Newtonsoft.Json.JsonConvert.DeserializeObject(String value, Type type, JsonSerializerSettings settings)
   在 Newtonsoft.Json.JsonConvert.DeserializeObject[T](String value, JsonSerializerSettings settings)
   在 Newtonsoft.Json.JsonConvert.DeserializeObject[T](String value)
   在 WxTools.Server.Dal.TcpServerDal.Received(Object sender, Message msg) 位置 C:\Users\Administrator\Desktop\Project\WxTools\WxTools.Server\Dal\TcpServerDal.cs:行号 75
 WxTools.Server.Dal.TcpServerDalname2017-10-08 23:10:29,799 [7] ERROR WxTools.Server.Dal.TcpServerDal - Newtonsoft.Json.JsonReaderException: Additional text encountered after finished reading JSON content: {. Path '', line 1, position 257.
   在 Newtonsoft.Json.JsonTextReader.Read()
   在 Newtonsoft.Json.Serialization.JsonSerializerInternalReader.Deserialize(JsonReader reader, Type objectType, Boolean checkAdditionalContent)
   在 Newtonsoft.Json.JsonSerializer.DeserializeInternal(JsonReader reader, Type objectType)
   在 Newtonsoft.Json.JsonConvert.DeserializeObject(String value, Type type, JsonSerializerSettings settings)
   在 Newtonsoft.Json.JsonConvert.DeserializeObject[T](String value, JsonSerializerSettings settings)
   在 Newtonsoft.Json.JsonConvert.DeserializeObject[T](String value)
   在 WxTools.Server.Dal.TcpServerDal.Received(Object sender, Message msg) 位置 C:\Users\Administrator\Desktop\Project\WxTools\WxTools.Server\Dal\TcpServerDal.cs:行号 75
 WxTools.Server.Dal.TcpServerDalname2017-10-08 23:10:31,800 [7] ERROR WxTools.Server.Dal.TcpServerDal - Newtonsoft.Json.JsonReaderException: Additional text encountered after finished reading JSON content: {. Path '', line 1, position 273.
   在 Newtonsoft.Json.JsonTextReader.Read()
   在 Newtonsoft.Json.Serialization.JsonSerializerInternalReader.Deserialize(JsonReader reader, Type objectType, Boolean checkAdditionalContent)
   在 Newtonsoft.Json.JsonSerializer.DeserializeInternal(JsonReader reader, Type objectType)
   在 Newtonsoft.Json.JsonConvert.DeserializeObject(String value, Type type, JsonSerializerSettings settings)
   在 Newtonsoft.Json.JsonConvert.DeserializeObject[T](String value, JsonSerializerSettings settings)
   在 Newtonsoft.Json.JsonConvert.DeserializeObject[T](String value)
   在 WxTools.Server.Dal.TcpServerDal.Received(Object sender, Message msg) 位置 C:\Users\Administrator\Desktop\Project\WxTools\WxTools.Server\Dal\TcpServerDal.cs:行号 75
 WxTools.Server.Dal.TcpServerDalname2017-10-08 23:10:33,799 [7] ERROR WxTools.Server.Dal.TcpServerDal - Newtonsoft.Json.JsonReaderException: Additional text encountered after finished reading JSON content: {. Path '', line 1, position 295.
   在 Newtonsoft.Json.JsonTextReader.Read()
   在 Newtonsoft.Json.Serialization.JsonSerializerInternalReader.Deserialize(JsonReader reader, Type objectType, Boolean checkAdditionalContent)
   在 Newtonsoft.Json.JsonSerializer.DeserializeInternal(JsonReader reader, Type objectType)
   在 Newtonsoft.Json.JsonConvert.DeserializeObject(String value, Type type, JsonSerializerSettings settings)
   在 Newtonsoft.Json.JsonConvert.DeserializeObject[T](String value, JsonSerializerSettings settings)
   在 Newtonsoft.Json.JsonConvert.DeserializeObject[T](String value)
   在 WxTools.Server.Dal.TcpServerDal.Received(Object sender, Message msg) 位置 C:\Users\Administrator\Desktop\Project\WxTools\WxTools.Server\Dal\TcpServerDal.cs:行号 75
 WxTools.Server.Dal.TcpServerDalname2017-10-08 23:10:35,692 [7] ERROR WxTools.Server.Dal.TcpServerDal - Newtonsoft.Json.JsonReaderException: Additional text encountered after finished reading JSON content: {. Path '', line 1, position 180.
   在 Newtonsoft.Json.JsonTextReader.Read()
   在 Newtonsoft.Json.Serialization.JsonSerializerInternalReader.Deserialize(JsonReader reader, Type objectType, Boolean checkAdditionalContent)
   在 Newtonsoft.Json.JsonSerializer.DeserializeInternal(JsonReader reader, Type objectType)
   在 Newtonsoft.Json.JsonConvert.DeserializeObject(String value, Type type, JsonSerializerSettings settings)
   在 Newtonsoft.Json.JsonConvert.DeserializeObject[T](String value, JsonSerializerSettings settings)
   在 Newtonsoft.Json.JsonConvert.DeserializeObject[T](String value)
   在 WxTools.Server.Dal.TcpServerDal.Received(Object sender, Message msg) 位置 C:\Users\Administrator\Desktop\Project\WxTools\WxTools.Server\Dal\TcpServerDal.cs:行号 75
 WxTools.Server.Dal.TcpServerDalname2017-10-08 23:11:44,299 [4] INFO  WxTools.Server.Dal.TcpServerDal - Login
 WxTools.Server.Dal.TcpServerDalname2017-10-08 23:11:47,912 [4] INFO  WxTools.Server.Dal.TcpServerDal - Login
 WxTools.Server.Dal.TcpServerDalname2017-10-08 23:11:59,492 [4] ERROR WxTools.Server.Dal.TcpServerDal - Newtonsoft.Json.JsonReaderException: Additional text encountered after finished reading JSON content: {. Path '', line 1, position 161.
   在 Newtonsoft.Json.JsonTextReader.Read()
   在 Newtonsoft.Json.Serialization.JsonSerializerInternalReader.Deserialize(JsonReader reader, Type objectType, Boolean checkAdditionalContent)
   在 Newtonsoft.Json.JsonSerializer.DeserializeInternal(JsonReader reader, Type objectType)
   在 Newtonsoft.Json.JsonConvert.DeserializeObject(String value, Type type, JsonSerializerSettings settings)
   在 Newtonsoft.Json.JsonConvert.DeserializeObject[T](String value, JsonSerializerSettings settings)
   在 Newtonsoft.Json.JsonConvert.DeserializeObject[T](String value)
   在 WxTools.Server.Dal.TcpServerDal.Received(Object sender, Message msg) 位置 C:\Users\Administrator\Desktop\Project\WxTools\WxTools.Server\Dal\TcpServerDal.cs:行号 75
 WxTools.Server.Dal.TcpServerDalname2017-10-08 23:12:01,486 [4] ERROR WxTools.Server.Dal.TcpServerDal - Newtonsoft.Json.JsonReaderException: Additional text encountered after finished reading JSON content: {. Path '', line 1, position 177.
   在 Newtonsoft.Json.JsonTextReader.Read()
   在 Newtonsoft.Json.Serialization.JsonSerializerInternalReader.Deserialize(JsonReader reader, Type objectType, Boolean checkAdditionalContent)
   在 Newtonsoft.Json.JsonSerializer.DeserializeInternal(JsonReader reader, Type objectType)
   在 Newtonsoft.Json.JsonConvert.DeserializeObject(String value, Type type, JsonSerializerSettings settings)
   在 Newtonsoft.Json.JsonConvert.DeserializeObject[T](String value, JsonSerializerSettings settings)
   在 Newtonsoft.Json.JsonConvert.DeserializeObject[T](String value)
   在 WxTools.Server.Dal.TcpServerDal.Received(Object sender, Message msg) 位置 C:\Users\Administrator\Desktop\Project\WxTools\WxTools.Server\Dal\TcpServerDal.cs:行号 75
 WxTools.Server.Dal.TcpServerDalname2017-10-08 23:12:03,487 [4] ERROR WxTools.Server.Dal.TcpServerDal - Newtonsoft.Json.JsonReaderException: Additional text encountered after finished reading JSON content: {. Path '', line 1, position 193.
   在 Newtonsoft.Json.JsonTextReader.Read()
   在 Newtonsoft.Json.Serialization.JsonSerializerInternalReader.Deserialize(JsonReader reader, Type objectType, Boolean checkAdditionalContent)
   在 Newtonsoft.Json.JsonSerializer.DeserializeInternal(JsonReader reader, Type objectType)
   在 Newtonsoft.Json.JsonConvert.DeserializeObject(String value, Type type, JsonSerializerSettings settings)
   在 Newtonsoft.Json.JsonConvert.DeserializeObject[T](String value, JsonSerializerSettings settings)
   在 Newtonsoft.Json.JsonConvert.DeserializeObject[T](String value)
   在 WxTools.Server.Dal.TcpServerDal.Received(Object sender, Message msg) 位置 C:\Users\Administrator\Desktop\Project\WxTools\WxTools.Server\Dal\TcpServerDal.cs:行号 75
 WxTools.Server.Dal.TcpServerDalname2017-10-08 23:12:05,501 [4] ERROR WxTools.Server.Dal.TcpServerDal - Newtonsoft.Json.JsonReaderException: Additional text encountered after finished reading JSON content: {. Path '', line 1, position 209.
   在 Newtonsoft.Json.JsonTextReader.Read()
   在 Newtonsoft.Json.Serialization.JsonSerializerInternalReader.Deserialize(JsonReader reader, Type objectType, Boolean checkAdditionalContent)
   在 Newtonsoft.Json.JsonSerializer.DeserializeInternal(JsonReader reader, Type objectType)
   在 Newtonsoft.Json.JsonConvert.DeserializeObject(String value, Type type, JsonSerializerSettings settings)
   在 Newtonsoft.Json.JsonConvert.DeserializeObject[T](String value, JsonSerializerSettings settings)
   在 Newtonsoft.Json.JsonConvert.DeserializeObject[T](String value)
   在 WxTools.Server.Dal.TcpServerDal.Received(Object sender, Message msg) 位置 C:\Users\Administrator\Desktop\Project\WxTools\WxTools.Server\Dal\TcpServerDal.cs:行号 75
 WxTools.Server.Dal.TcpServerDalname2017-10-08 23:12:07,505 [4] ERROR WxTools.Server.Dal.TcpServerDal - Newtonsoft.Json.JsonReaderException: Additional text encountered after finished reading JSON content: {. Path '', line 1, position 225.
   在 Newtonsoft.Json.JsonTextReader.Read()
   在 Newtonsoft.Json.Serialization.JsonSerializerInternalReader.Deserialize(JsonReader reader, Type objectType, Boolean checkAdditionalContent)
   在 Newtonsoft.Json.JsonSerializer.DeserializeInternal(JsonReader reader, Type objectType)
   在 Newtonsoft.Json.JsonConvert.DeserializeObject(String value, Type type, JsonSerializerSettings settings)
   在 Newtonsoft.Json.JsonConvert.DeserializeObject[T](String value, JsonSerializerSettings settings)
   在 Newtonsoft.Json.JsonConvert.DeserializeObject[T](String value)
   在 WxTools.Server.Dal.TcpServerDal.Received(Object sender, Message msg) 位置 C:\Users\Administrator\Desktop\Project\WxTools\WxTools.Server\Dal\TcpServerDal.cs:行号 75
 WxTools.Server.Dal.TcpServerDalname2017-10-08 23:12:09,500 [4] ERROR WxTools.Server.Dal.TcpServerDal - Newtonsoft.Json.JsonReaderException: Additional text encountered after finished reading JSON content: {. Path '', line 1, position 241.
   在 Newtonsoft.Json.JsonTextReader.Read()
   在 Newtonsoft.Json.Serialization.JsonSerializerInternalReader.Deserialize(JsonReader reader, Type objectType, Boolean checkAdditionalContent)
   在 Newtonsoft.Json.JsonSerializer.DeserializeInternal(JsonReader reader, Type objectType)
   在 Newtonsoft.Json.JsonConvert.DeserializeObject(String value, Type type, JsonSerializerSettings settings)
   在 Newtonsoft.Json.JsonConvert.DeserializeObject[T](String value, JsonSerializerSettings settings)
   在 Newtonsoft.Json.JsonConvert.DeserializeObject[T](String value)
   在 WxTools.Server.Dal.TcpServerDal.Received(Object sender, Message msg) 位置 C:\Users\Administrator\Desktop\Project\WxTools\WxTools.Server\Dal\TcpServerDal.cs:行号 75
 WxTools.Server.Dal.TcpServerDalname2017-10-08 23:12:11,505 [4] ERROR WxTools.Server.Dal.TcpServerDal - Newtonsoft.Json.JsonReaderException: Additional text encountered after finished reading JSON content: {. Path '', line 1, position 257.
   在 Newtonsoft.Json.JsonTextReader.Read()
   在 Newtonsoft.Json.Serialization.JsonSerializerInternalReader.Deserialize(JsonReader reader, Type objectType, Boolean checkAdditionalContent)
   在 Newtonsoft.Json.JsonSerializer.DeserializeInternal(JsonReader reader, Type objectType)
   在 Newtonsoft.Json.JsonConvert.DeserializeObject(String value, Type type, JsonSerializerSettings settings)
   在 Newtonsoft.Json.JsonConvert.DeserializeObject[T](String value, JsonSerializerSettings settings)
   在 Newtonsoft.Json.JsonConvert.DeserializeObject[T](String value)
   在 WxTools.Server.Dal.TcpServerDal.Received(Object sender, Message msg) 位置 C:\Users\Administrator\Desktop\Project\WxTools\WxTools.Server\Dal\TcpServerDal.cs:行号 75
 WxTools.Server.Dal.TcpServerDalname2017-10-08 23:12:13,506 [4] ERROR WxTools.Server.Dal.TcpServerDal - Newtonsoft.Json.JsonReaderException: Additional text encountered after finished reading JSON content: {. Path '', line 1, position 273.
   在 Newtonsoft.Json.JsonTextReader.Read()
   在 Newtonsoft.Json.Serialization.JsonSerializerInternalReader.Deserialize(JsonReader reader, Type objectType, Boolean checkAdditionalContent)
   在 Newtonsoft.Json.JsonSerializer.DeserializeInternal(JsonReader reader, Type objectType)
   在 Newtonsoft.Json.JsonConvert.DeserializeObject(String value, Type type, JsonSerializerSettings settings)
   在 Newtonsoft.Json.JsonConvert.DeserializeObject[T](String value, JsonSerializerSettings settings)
   在 Newtonsoft.Json.JsonConvert.DeserializeObject[T](String value)
   在 WxTools.Server.Dal.TcpServerDal.Received(Object sender, Message msg) 位置 C:\Users\Administrator\Desktop\Project\WxTools\WxTools.Server\Dal\TcpServerDal.cs:行号 75
 WxTools.Server.Dal.TcpServerDalname2017-10-08 23:12:15,515 [4] ERROR WxTools.Server.Dal.TcpServerDal - Newtonsoft.Json.JsonReaderException: Additional text encountered after finished reading JSON content: {. Path '', line 1, position 295.
   在 Newtonsoft.Json.JsonTextReader.Read()
   在 Newtonsoft.Json.Serialization.JsonSerializerInternalReader.Deserialize(JsonReader reader, Type objectType, Boolean checkAdditionalContent)
   在 Newtonsoft.Json.JsonSerializer.DeserializeInternal(JsonReader reader, Type objectType)
   在 Newtonsoft.Json.JsonConvert.DeserializeObject(String value, Type type, JsonSerializerSettings settings)
   在 Newtonsoft.Json.JsonConvert.DeserializeObject[T](String value, JsonSerializerSettings settings)
   在 Newtonsoft.Json.JsonConvert.DeserializeObject[T](String value)
   在 WxTools.Server.Dal.TcpServerDal.Received(Object sender, Message msg) 位置 C:\Users\Administrator\Desktop\Project\WxTools\WxTools.Server\Dal\TcpServerDal.cs:行号 75
 WxTools.Server.Dal.TcpServerDalname2017-10-08 23:12:17,523 [4] ERROR WxTools.Server.Dal.TcpServerDal - Newtonsoft.Json.JsonReaderException: Additional text encountered after finished reading JSON content: {. Path '', line 1, position 299.
   在 Newtonsoft.Json.JsonTextReader.Read()
   在 Newtonsoft.Json.Serialization.JsonSerializerInternalReader.Deserialize(JsonReader reader, Type objectType, Boolean checkAdditionalContent)
   在 Newtonsoft.Json.JsonSerializer.DeserializeInternal(JsonReader reader, Type objectType)
   在 Newtonsoft.Json.JsonConvert.DeserializeObject(String value, Type type, JsonSerializerSettings settings)
   在 Newtonsoft.Json.JsonConvert.DeserializeObject[T](String value, JsonSerializerSettings settings)
   在 Newtonsoft.Json.JsonConvert.DeserializeObject[T](String value)
   在 WxTools.Server.Dal.TcpServerDal.Received(Object sender, Message msg) 位置 C:\Users\Administrator\Desktop\Project\WxTools\WxTools.Server\Dal\TcpServerDal.cs:行号 75
 WxTools.Server.Dal.TcpServerDalname2017-10-08 23:14:51,317 [5] INFO  WxTools.Server.Dal.TcpServerDal - Login
 WxTools.Server.Dal.TcpServerDalname2017-10-08 23:14:55,143 [5] INFO  WxTools.Server.Dal.TcpServerDal - Login
 WxTools.Server.Dal.TcpServerDalname2017-10-08 23:16:07,427 [5] ERROR WxTools.Server.Dal.TcpServerDal - Newtonsoft.Json.JsonReaderException: Additional text encountered after finished reading JSON content: {. Path '', line 1, position 165.
   在 Newtonsoft.Json.JsonTextReader.Read()
   在 Newtonsoft.Json.Serialization.JsonSerializerInternalReader.Deserialize(JsonReader reader, Type objectType, Boolean checkAdditionalContent)
   在 Newtonsoft.Json.JsonSerializer.DeserializeInternal(JsonReader reader, Type objectType)
   在 Newtonsoft.Json.JsonConvert.DeserializeObject(String value, Type type, JsonSerializerSettings settings)
   在 Newtonsoft.Json.JsonConvert.DeserializeObject[T](String value, JsonSerializerSettings settings)
   在 Newtonsoft.Json.JsonConvert.DeserializeObject[T](String value)
   在 WxTools.Server.Dal.TcpServerDal.Received(Object sender, Message msg) 位置 C:\Users\Administrator\Desktop\Project\WxTools\WxTools.Server\Dal\TcpServerDal.cs:行号 75
 WxTools.Server.Dal.TcpServerDalname2017-10-08 23:16:09,336 [5] ERROR WxTools.Server.Dal.TcpServerDal - Newtonsoft.Json.JsonReaderException: Additional text encountered after finished reading JSON content: {. Path '', line 1, position 183.
   在 Newtonsoft.Json.JsonTextReader.Read()
   在 Newtonsoft.Json.Serialization.JsonSerializerInternalReader.Deserialize(JsonReader reader, Type objectType, Boolean checkAdditionalContent)
   在 Newtonsoft.Json.JsonSerializer.DeserializeInternal(JsonReader reader, Type objectType)
   在 Newtonsoft.Json.JsonConvert.DeserializeObject(String value, Type type, JsonSerializerSettings settings)
   在 Newtonsoft.Json.JsonConvert.DeserializeObject[T](String value, JsonSerializerSettings settings)
   在 Newtonsoft.Json.JsonConvert.DeserializeObject[T](String value)
   在 WxTools.Server.Dal.TcpServerDal.Received(Object sender, Message msg) 位置 C:\Users\Administrator\Desktop\Project\WxTools\WxTools.Server\Dal\TcpServerDal.cs:行号 75
 WxTools.Server.Dal.TcpServerDalname2017-10-08 23:17:20,565 [6] INFO  WxTools.Server.Dal.TcpServerDal - Login
 WxTools.Server.Dal.TcpServerDalname2017-10-08 23:17:24,394 [6] INFO  WxTools.Server.Dal.TcpServerDal - Login
 WxTools.Server.Dal.TcpServerDalname2017-10-08 23:19:37,812 [4] INFO  WxTools.Server.Dal.TcpServerDal - Login
 WxTools.Server.Dal.TcpServerDalname2017-10-08 23:19:41,649 [4] INFO  WxTools.Server.Dal.TcpServerDal - Login
 WxTools.Server.Dal.TcpServerDalname2017-10-08 23:21:17,496 [5] INFO  WxTools.Server.Dal.TcpServerDal - Login
 WxTools.Server.Dal.TcpServerDalname2017-10-08 23:21:21,374 [5] INFO  WxTools.Server.Dal.TcpServerDal - Login
 WxTools.Server.Dal.TcpServerDalname2017-10-08 23:21:54,264 [5] INFO  WxTools.Server.Dal.TcpServerDal - Login
 WxTools.Server.Dal.TcpServerDalname2017-10-08 23:22:20,811 [4] INFO  WxTools.Server.Dal.TcpServerDal - Login
 WxTools.Server.Dal.TcpServerDalname2017-10-08 23:22:27,485 [4] INFO  WxTools.Server.Dal.TcpServerDal - Login
 WxTools.Server.Dal.TcpServerDalname2017-10-08 23:23:45,059 [4] INFO  WxTools.Server.Dal.TcpServerDal - Login
 WxTools.Server.Dal.TcpServerDalname2017-10-08 23:25:34,290 [6] INFO  WxTools.Server.Dal.TcpServerDal - Login
 WxTools.Server.Dal.TcpServerDalname2017-10-08 23:28:23,999 [7] INFO  WxTools.Server.Dal.TcpServerDal - Login
 WxTools.Server.Dal.TcpServerDalname2017-10-08 23:28:43,883 [7] INFO  WxTools.Server.Dal.TcpServerDal - Logout
 WxTools.Server.Dal.TcpServerDalname2017-10-08 23:30:45,184 [5] ERROR WxTools.Server.Dal.TcpServerDal - Newtonsoft.Json.JsonReaderException: Additional text encountered after finished reading JSON content: {. Path '', line 1, position 150.
   在 Newtonsoft.Json.JsonTextReader.Read()
   在 Newtonsoft.Json.Serialization.JsonSerializerInternalReader.Deserialize(JsonReader reader, Type objectType, Boolean checkAdditionalContent)
   在 Newtonsoft.Json.JsonSerializer.DeserializeInternal(JsonReader reader, Type objectType)
   在 Newtonsoft.Json.JsonConvert.DeserializeObject(String value, Type type, JsonSerializerSettings settings)
   在 Newtonsoft.Json.JsonConvert.DeserializeObject[T](String value, JsonSerializerSettings settings)
   在 Newtonsoft.Json.JsonConvert.DeserializeObject[T](String value)
   在 WxTools.Server.Dal.TcpServerDal.Received(Object sender, Message msg) 位置 C:\Users\Administrator\Desktop\Project\WxTools\WxTools.Server\Dal\TcpServerDal.cs:行号 75
 WxTools.Server.Dal.TcpServerDalname2017-10-08 23:30:45,324 [5] INFO  WxTools.Server.Dal.TcpServerDal - Login
 WxTools.Server.Dal.TcpServerDalname2017-10-08 23:31:15,209 [4] INFO  WxTools.Server.Dal.TcpServerDal - Login
 WxTools.Server.Dal.TcpServerDalname2017-10-08 23:33:34,994 [5] INFO  WxTools.Server.Dal.TcpServerDal - Login
 WxTools.Server.Dal.TcpServerDalname2017-10-08 23:34:21,891 [5] INFO  WxTools.Server.Dal.TcpServerDal - Logout
 WxTools.Server.Dal.TcpServerDalname